# JRE version: OpenJDK Runtime Environment (17.0.11) (build 17.0.11+0--11852314)
# Java VM: OpenJDK 64-Bit Server VM (17.0.11+0--11852314, mixed mode, tiered, compressed oops, compressed class ptrs, g1 gc, windows-amd64)
GC Precious Log:
 CPUs: 16 total, 16 available
 Memory: 16060M
 Large Page Support: Disabled
 NUMA Support: Disabled
 Compressed Oops: Enabled (32-bit)
 Heap Region Size: 1M
 Heap Min Capacity: 8M
 Heap Initial Capacity: 252M
 Heap Max Capacity: 2G
 Pre-touch: Disabled
 Parallel Workers: 13
 Concurrent Workers: 3
 Concurrent Refinement Workers: 13
 Periodic GC: Disabled
Heap:
 garbage-first heap   total 497664K, used 457565K [0x0000000080000000, 0x0000000100000000)
  region size 1024K, 23 young (23552K), 3 survivors (3072K)
 Metaspace       used 230514K, committed 232704K, reserved 1310720K
  class space    used 30163K, committed 31168K, reserved 1048576K
GC Heap History (20 events):
Event: 1681.919 GC heap before
{Heap before GC invocations=154 (full 0):
 garbage-first heap   total 497664K, used 429703K [0x0000000080000000, 0x0000000100000000)
  region size 1024K, 52 young (53248K), 9 survivors (9216K)
 Metaspace       used 227395K, committed 229376K, reserved 1310720K
  class space    used 29884K, committed 30784K, reserved 1048576K
}
Event: 1681.925 GC heap after
{Heap after GC invocations=155 (full 0):
 garbage-first heap   total 497664K, used 395013K [0x0000000080000000, 0x0000000100000000)
  region size 1024K, 7 young (7168K), 7 survivors (7168K)
 Metaspace       used 227395K, committed 229376K, reserved 1310720K
  class space    used 29884K, committed 30784K, reserved 1048576K
}
Event: 1682.053 GC heap before
{Heap before GC invocations=155 (full 0):
 garbage-first heap   total 497664K, used 430853K [0x0000000080000000, 0x0000000100000000)
  region size 1024K, 42 young (43008K), 7 survivors (7168K)
 Metaspace       used 227482K, committed 229440K, reserved 1310720K
  class space    used 29885K, committed 30784K, reserved 1048576K
}
Event: 1682.058 GC heap after
{Heap after GC invocations=156 (full 0):
 garbage-first heap   total 497664K, used 404625K [0x0000000080000000, 0x0000000100000000)
  region size 1024K, 6 young (6144K), 6 survivors (6144K)
 Metaspace       used 227482K, committed 229440K, reserved 1310720K
  class space    used 29885K, committed 30784K, reserved 1048576K
}
Event: 1682.241 GC heap before
{Heap before GC invocations=156 (full 0):
 garbage-first heap   total 497664K, used 430225K [0x0000000080000000, 0x0000000100000000)
  region size 1024K, 32 young (32768K), 6 survivors (6144K)
 Metaspace       used 228743K, committed 230720K, reserved 1310720K
  class space    used 30030K, committed 30976K, reserved 1048576K
}
Event: 1682.244 GC heap after
{Heap after GC invocations=157 (full 0):
 garbage-first heap   total 497664K, used 408860K [0x0000000080000000, 0x0000000100000000)
  region size 1024K, 3 young (3072K), 3 survivors (3072K)
 Metaspace       used 228743K, committed 230720K, reserved 1310720K
  class space    used 30030K, committed 30976K, reserved 1048576K
}
Event: 1682.532 GC heap before
{Heap before GC invocations=157 (full 0):
 garbage-first heap   total 497664K, used 432412K [0x0000000080000000, 0x0000000100000000)
  region size 1024K, 27 young (27648K), 3 survivors (3072K)
 Metaspace       used 229497K, committed 231488K, reserved 1310720K
  class space    used 30105K, committed 31040K, reserved 1048576K
}
Event: 1682.535 GC heap after
{Heap after GC invocations=158 (full 0):
 garbage-first heap   total 497664K, used 415023K [0x0000000080000000, 0x0000000100000000)
  region size 1024K, 4 young (4096K), 4 survivors (4096K)
 Metaspace       used 229497K, committed 231488K, reserved 1310720K
  class space    used 30105K, committed 31040K, reserved 1048576K
}
Event: 1682.654 GC heap before
{Heap before GC invocations=158 (full 0):
 garbage-first heap   total 497664K, used 443695K [0x0000000080000000, 0x0000000100000000)
  region size 1024K, 24 young (24576K), 4 survivors (4096K)
 Metaspace       used 229566K, committed 231552K, reserved 1310720K
  class space    used 30105K, committed 31040K, reserved 1048576K
}
Event: 1682.657 GC heap after
{Heap after GC invocations=159 (full 0):
 garbage-first heap   total 497664K, used 429025K [0x0000000080000000, 0x0000000100000000)
  region size 1024K, 3 young (3072K), 3 survivors (3072K)
 Metaspace       used 229566K, committed 231552K, reserved 1310720K
  class space    used 30105K, committed 31040K, reserved 1048576K
}
Event: 1682.782 GC heap before
{Heap before GC invocations=159 (full 0):
 garbage-first heap   total 497664K, used 450529K [0x0000000080000000, 0x0000000100000000)
  region size 1024K, 24 young (24576K), 3 survivors (3072K)
 Metaspace       used 229795K, committed 231808K, reserved 1310720K
  class space    used 30124K, committed 31040K, reserved 1048576K
}
Event: 1682.786 GC heap after
{Heap after GC invocations=160 (full 0):
 garbage-first heap   total 497664K, used 438052K [0x0000000080000000, 0x0000000100000000)
  region size 1024K, 3 young (3072K), 3 survivors (3072K)
 Metaspace       used 229795K, committed 231808K, reserved 1310720K
  class space    used 30124K, committed 31040K, reserved 1048576K
}
Event: 1682.926 GC heap before
{Heap before GC invocations=160 (full 0):
 garbage-first heap   total 497664K, used 452388K [0x0000000080000000, 0x0000000100000000)
  region size 1024K, 13 young (13312K), 3 survivors (3072K)
 Metaspace       used 230063K, committed 232064K, reserved 1310720K
  class space    used 30146K, committed 31104K, reserved 1048576K
}
Event: 1682.930 GC heap after
{Heap after GC invocations=161 (full 0):
 garbage-first heap   total 497664K, used 443968K [0x0000000080000000, 0x0000000100000000)
  region size 1024K, 3 young (3072K), 3 survivors (3072K)
 Metaspace       used 230063K, committed 232064K, reserved 1310720K
  class space    used 30146K, committed 31104K, reserved 1048576K
}
Event: 1683.130 GC heap before
{Heap before GC invocations=161 (full 0):
 garbage-first heap   total 497664K, used 467520K [0x0000000080000000, 0x0000000100000000)
  region size 1024K, 24 young (24576K), 3 survivors (3072K)
 Metaspace       used 230163K, committed 232128K, reserved 1310720K
  class space    used 30149K, committed 31104K, reserved 1048576K
}
Event: 1683.133 GC heap after
{Heap after GC invocations=162 (full 0):
 garbage-first heap   total 497664K, used 445362K [0x0000000080000000, 0x0000000100000000)
  region size 1024K, 3 young (3072K), 3 survivors (3072K)
 Metaspace       used 230163K, committed 232128K, reserved 1310720K
  class space    used 30149K, committed 31104K, reserved 1048576K
}
Event: 1683.266 GC heap before
{Heap before GC invocations=162 (full 0):
 garbage-first heap   total 497664K, used 463794K [0x0000000080000000, 0x0000000100000000)
  region size 1024K, 22 young (22528K), 3 survivors (3072K)
 Metaspace       used 230232K, committed 232256K, reserved 1310720K
  class space    used 30157K, committed 31104K, reserved 1048576K
}
Event: 1683.270 GC heap after
{Heap after GC invocations=163 (full 0):
 garbage-first heap   total 497664K, used 451861K [0x0000000080000000, 0x0000000100000000)
  region size 1024K, 3 young (3072K), 3 survivors (3072K)
 Metaspace       used 230232K, committed 232256K, reserved 1310720K
  class space    used 30157K, committed 31104K, reserved 1048576K
}
Event: 1683.353 GC heap before
{Heap before GC invocations=163 (full 0):
 garbage-first heap   total 497664K, used 482581K [0x0000000080000000, 0x0000000100000000)
  region size 1024K, 18 young (18432K), 3 survivors (3072K)
 Metaspace       used 230491K, committed 232512K, reserved 1310720K
  class space    used 30179K, committed 31104K, reserved 1048576K
}
Event: 1683.355 GC heap after
{Heap after GC invocations=164 (full 0):
 garbage-first heap   total 497664K, used 454493K [0x0000000080000000, 0x0000000100000000)
  region size 1024K, 3 young (3072K), 3 survivors (3072K)
 Metaspace       used 230491K, committed 232512K, reserved 1310720K
  class space    used 30179K, committed 31104K, reserved 1048576K
}

