# JRE version: OpenJDK Runtime Environment (17.0.11) (build 17.0.11+0--11852314)
# Java VM: OpenJDK 64-Bit Server VM (17.0.11+0--11852314, mixed mode, tiered, compressed oops, compressed class ptrs, g1 gc, windows-amd64)
GC Precious Log:
 CPUs: 16 total, 16 available
 Memory: 16060M
 Large Page Support: Disabled
 NUMA Support: Disabled
 Compressed Oops: Enabled (32-bit)
 Heap Region Size: 1M
 Heap Min Capacity: 8M
 Heap Initial Capacity: 252M
 Heap Max Capacity: 2G
 Pre-touch: Disabled
 Parallel Workers: 13
 Concurrent Workers: 3
 Concurrent Refinement Workers: 13
 Periodic GC: Disabled
Heap:
 garbage-first heap   total 288768K, used 192298K [0x0000000080000000, 0x0000000100000000)
  region size 1024K, 36 young (36864K), 2 survivors (2048K)
 Metaspace       used 111814K, committed 112704K, reserved 1179648K
  class space    used 15363K, committed 15744K, reserved 1048576K
GC Heap History (20 events):
Event: 8.689 GC heap before
{Heap before GC invocations=45 (full 0):
 garbage-first heap   total 192512K, used 161390K [0x0000000080000000, 0x0000000100000000)
  region size 1024K, 37 young (37888K), 4 survivors (4096K)
 Metaspace       used 104873K, committed 105728K, reserved 1179648K
  class space    used 14648K, committed 15040K, reserved 1048576K
}
Event: 8.691 GC heap after
{Heap after GC invocations=46 (full 0):
 garbage-first heap   total 192512K, used 128763K [0x0000000080000000, 0x0000000100000000)
  region size 1024K, 4 young (4096K), 4 survivors (4096K)
 Metaspace       used 104873K, committed 105728K, reserved 1179648K
  class space    used 14648K, committed 15040K, reserved 1048576K
}
Event: 8.981 GC heap before
{Heap before GC invocations=46 (full 0):
 garbage-first heap   total 192512K, used 165627K [0x0000000080000000, 0x0000000100000000)
  region size 1024K, 36 young (36864K), 4 survivors (4096K)
 Metaspace       used 106653K, committed 107648K, reserved 1179648K
  class space    used 14825K, committed 15296K, reserved 1048576K
}
Event: 8.983 GC heap after
{Heap after GC invocations=47 (full 0):
 garbage-first heap   total 192512K, used 130641K [0x0000000080000000, 0x0000000100000000)
  region size 1024K, 4 young (4096K), 4 survivors (4096K)
 Metaspace       used 106653K, committed 107648K, reserved 1179648K
  class space    used 14825K, committed 15296K, reserved 1048576K
}
Event: 9.231 GC heap before
{Heap before GC invocations=47 (full 0):
 garbage-first heap   total 192512K, used 160337K [0x0000000080000000, 0x0000000100000000)
  region size 1024K, 34 young (34816K), 4 survivors (4096K)
 Metaspace       used 108385K, committed 109376K, reserved 1179648K
  class space    used 14985K, committed 15424K, reserved 1048576K
}
Event: 9.234 GC heap after
{Heap after GC invocations=48 (full 0):
 garbage-first heap   total 192512K, used 136771K [0x0000000080000000, 0x0000000100000000)
  region size 1024K, 5 young (5120K), 5 survivors (5120K)
 Metaspace       used 108385K, committed 109376K, reserved 1179648K
  class space    used 14985K, committed 15424K, reserved 1048576K
}
Event: 9.360 GC heap before
{Heap before GC invocations=48 (full 0):
 garbage-first heap   total 192512K, used 168515K [0x0000000080000000, 0x0000000100000000)
  region size 1024K, 28 young (28672K), 5 survivors (5120K)
 Metaspace       used 108509K, committed 109440K, reserved 1179648K
  class space    used 14985K, committed 15424K, reserved 1048576K
}
Event: 9.365 GC heap after
{Heap after GC invocations=49 (full 0):
 garbage-first heap   total 192512K, used 152037K [0x0000000080000000, 0x0000000100000000)
  region size 1024K, 4 young (4096K), 4 survivors (4096K)
 Metaspace       used 108509K, committed 109440K, reserved 1179648K
  class space    used 14985K, committed 15424K, reserved 1048576K
}
Event: 9.399 GC heap before
{Heap before GC invocations=49 (full 0):
 garbage-first heap   total 192512K, used 161253K [0x0000000080000000, 0x0000000100000000)
  region size 1024K, 13 young (13312K), 4 survivors (4096K)
 Metaspace       used 108540K, committed 109440K, reserved 1179648K
  class space    used 14989K, committed 15424K, reserved 1048576K
}
Event: 9.402 GC heap after
{Heap after GC invocations=50 (full 0):
 garbage-first heap   total 192512K, used 156843K [0x0000000080000000, 0x0000000100000000)
  region size 1024K, 2 young (2048K), 2 survivors (2048K)
 Metaspace       used 108540K, committed 109440K, reserved 1179648K
  class space    used 14989K, committed 15424K, reserved 1048576K
}
Event: 9.432 GC heap before
{Heap before GC invocations=50 (full 0):
 garbage-first heap   total 192512K, used 164011K [0x0000000080000000, 0x0000000100000000)
  region size 1024K, 9 young (9216K), 2 survivors (2048K)
 Metaspace       used 108707K, committed 109632K, reserved 1179648K
  class space    used 15013K, committed 15424K, reserved 1048576K
}
Event: 9.434 GC heap after
{Heap after GC invocations=51 (full 0):
 garbage-first heap   total 192512K, used 159407K [0x0000000080000000, 0x0000000100000000)
  region size 1024K, 2 young (2048K), 2 survivors (2048K)
 Metaspace       used 108707K, committed 109632K, reserved 1179648K
  class space    used 15013K, committed 15424K, reserved 1048576K
}
Event: 9.481 GC heap before
{Heap before GC invocations=51 (full 0):
 garbage-first heap   total 192512K, used 165551K [0x0000000080000000, 0x0000000100000000)
  region size 1024K, 9 young (9216K), 2 survivors (2048K)
 Metaspace       used 108870K, committed 109760K, reserved 1179648K
  class space    used 15029K, committed 15424K, reserved 1048576K
}
Event: 9.482 GC heap after
{Heap after GC invocations=52 (full 0):
 garbage-first heap   total 192512K, used 159436K [0x0000000080000000, 0x0000000100000000)
  region size 1024K, 1 young (1024K), 1 survivors (1024K)
 Metaspace       used 108870K, committed 109760K, reserved 1179648K
  class space    used 15029K, committed 15424K, reserved 1048576K
}
Event: 9.527 GC heap before
{Heap before GC invocations=52 (full 0):
 garbage-first heap   total 192512K, used 162508K [0x0000000080000000, 0x0000000100000000)
  region size 1024K, 5 young (5120K), 1 survivors (1024K)
 Metaspace       used 108992K, committed 109888K, reserved 1179648K
  class space    used 15037K, committed 15424K, reserved 1048576K
}
Event: 9.529 GC heap after
{Heap after GC invocations=53 (full 0):
 garbage-first heap   total 192512K, used 160656K [0x0000000080000000, 0x0000000100000000)
  region size 1024K, 2 young (2048K), 2 survivors (2048K)
 Metaspace       used 108992K, committed 109888K, reserved 1179648K
  class space    used 15037K, committed 15424K, reserved 1048576K
}
Event: 9.675 GC heap before
{Heap before GC invocations=54 (full 0):
 garbage-first heap   total 288768K, used 174992K [0x0000000080000000, 0x0000000100000000)
  region size 1024K, 9 young (9216K), 2 survivors (2048K)
 Metaspace       used 109068K, committed 110016K, reserved 1179648K
  class space    used 15045K, committed 15488K, reserved 1048576K
}
Event: 9.677 GC heap after
{Heap after GC invocations=55 (full 0):
 garbage-first heap   total 288768K, used 161270K [0x0000000080000000, 0x0000000100000000)
  region size 1024K, 2 young (2048K), 2 survivors (2048K)
 Metaspace       used 109068K, committed 110016K, reserved 1179648K
  class space    used 15045K, committed 15488K, reserved 1048576K
}
Event: 9.758 GC heap before
{Heap before GC invocations=55 (full 0):
 garbage-first heap   total 288768K, used 173558K [0x0000000080000000, 0x0000000100000000)
  region size 1024K, 14 young (14336K), 2 survivors (2048K)
 Metaspace       used 109116K, committed 110080K, reserved 1179648K
  class space    used 15045K, committed 15488K, reserved 1048576K
}
Event: 9.760 GC heap after
{Heap after GC invocations=56 (full 0):
 garbage-first heap   total 288768K, used 158506K [0x0000000080000000, 0x0000000100000000)
  region size 1024K, 2 young (2048K), 2 survivors (2048K)
 Metaspace       used 109116K, committed 110080K, reserved 1179648K
  class space    used 15045K, committed 15488K, reserved 1048576K
}

