# JRE version: OpenJDK Runtime Environment (17.0.11) (build 17.0.11+0--11852314)
# Java VM: OpenJDK 64-Bit Server VM (17.0.11+0--11852314, mixed mode, tiered, compressed oops, compressed class ptrs, g1 gc, windows-amd64)
GC Precious Log:
 CPUs: 16 total, 16 available
 Memory: 16060M
 Large Page Support: Disabled
 NUMA Support: Disabled
 Compressed Oops: Enabled (32-bit)
 Heap Region Size: 1M
 Heap Min Capacity: 8M
 Heap Initial Capacity: 252M
 Heap Max Capacity: 2G
 Pre-touch: Disabled
 Parallel Workers: 13
 Concurrent Workers: 3
 Concurrent Refinement Workers: 13
 Periodic GC: Disabled
Heap:
 garbage-first heap   total 217088K, used 145239K [0x0000000080000000, 0x0000000100000000)
  region size 1024K, 38 young (38912K), 3 survivors (3072K)
 Metaspace       used 120781K, committed 121600K, reserved 1179648K
  class space    used 15649K, committed 16000K, reserved 1048576K
GC Heap History (20 events):
Event: 3.473 GC heap before
{Heap before GC invocations=17 (full 0):
 garbage-first heap   total 180224K, used 148717K [0x0000000080000000, 0x0000000100000000)
  region size 1024K, 72 young (73728K), 4 survivors (4096K)
 Metaspace       used 72404K, committed 73088K, reserved 1114112K
  class space    used 10057K, committed 10368K, reserved 1048576K
}
Event: 3.478 GC heap after
{Heap after GC invocations=18 (full 0):
 garbage-first heap   total 180224K, used 88303K [0x0000000080000000, 0x0000000100000000)
  region size 1024K, 9 young (9216K), 9 survivors (9216K)
 Metaspace       used 72404K, committed 73088K, reserved 1114112K
  class space    used 10057K, committed 10368K, reserved 1048576K
}
Event: 3.664 GC heap before
{Heap before GC invocations=18 (full 0):
 garbage-first heap   total 180224K, used 129263K [0x0000000080000000, 0x0000000100000000)
  region size 1024K, 50 young (51200K), 9 survivors (9216K)
 Metaspace       used 76782K, committed 77440K, reserved 1179648K
  class space    used 10569K, committed 10880K, reserved 1048576K
}
Event: 3.668 GC heap after
{Heap after GC invocations=19 (full 0):
 garbage-first heap   total 180224K, used 84941K [0x0000000080000000, 0x0000000100000000)
  region size 1024K, 4 young (4096K), 4 survivors (4096K)
 Metaspace       used 76782K, committed 77440K, reserved 1179648K
  class space    used 10569K, committed 10880K, reserved 1048576K
}
Event: 3.912 GC heap before
{Heap before GC invocations=20 (full 0):
 garbage-first heap   total 180224K, used 146381K [0x0000000080000000, 0x0000000100000000)
  region size 1024K, 57 young (58368K), 4 survivors (4096K)
 Metaspace       used 82710K, committed 83392K, reserved 1179648K
  class space    used 11150K, committed 11456K, reserved 1048576K
}
Event: 3.915 GC heap after
{Heap after GC invocations=21 (full 0):
 garbage-first heap   total 180224K, used 96015K [0x0000000080000000, 0x0000000100000000)
  region size 1024K, 8 young (8192K), 8 survivors (8192K)
 Metaspace       used 82710K, committed 83392K, reserved 1179648K
  class space    used 11150K, committed 11456K, reserved 1048576K
}
Event: 4.167 GC heap before
{Heap before GC invocations=21 (full 0):
 garbage-first heap   total 180224K, used 143119K [0x0000000080000000, 0x0000000100000000)
  region size 1024K, 54 young (55296K), 8 survivors (8192K)
 Metaspace       used 88565K, committed 89216K, reserved 1179648K
  class space    used 11858K, committed 12160K, reserved 1048576K
}
Event: 4.172 GC heap after
{Heap after GC invocations=22 (full 0):
 garbage-first heap   total 180224K, used 98646K [0x0000000080000000, 0x0000000100000000)
  region size 1024K, 4 young (4096K), 4 survivors (4096K)
 Metaspace       used 88565K, committed 89216K, reserved 1179648K
  class space    used 11858K, committed 12160K, reserved 1048576K
}
Event: 4.362 GC heap before
{Heap before GC invocations=23 (full 0):
 garbage-first heap   total 180224K, used 146774K [0x0000000080000000, 0x0000000100000000)
  region size 1024K, 50 young (51200K), 4 survivors (4096K)
 Metaspace       used 91727K, committed 92288K, reserved 1179648K
  class space    used 12265K, committed 12544K, reserved 1048576K
}
Event: 4.365 GC heap after
{Heap after GC invocations=24 (full 0):
 garbage-first heap   total 180224K, used 100247K [0x0000000080000000, 0x0000000100000000)
  region size 1024K, 6 young (6144K), 6 survivors (6144K)
 Metaspace       used 91727K, committed 92288K, reserved 1179648K
  class space    used 12265K, committed 12544K, reserved 1048576K
}
Event: 4.383 GC heap before
{Heap before GC invocations=24 (full 0):
 garbage-first heap   total 180224K, used 102295K [0x0000000080000000, 0x0000000100000000)
  region size 1024K, 8 young (8192K), 6 survivors (6144K)
 Metaspace       used 91915K, committed 92480K, reserved 1179648K
  class space    used 12291K, committed 12544K, reserved 1048576K
}
Event: 4.385 GC heap after
{Heap after GC invocations=25 (full 0):
 garbage-first heap   total 217088K, used 100262K [0x0000000080000000, 0x0000000100000000)
  region size 1024K, 1 young (1024K), 1 survivors (1024K)
 Metaspace       used 91915K, committed 92480K, reserved 1179648K
  class space    used 12291K, committed 12544K, reserved 1048576K
}
Event: 4.898 GC heap before
{Heap before GC invocations=25 (full 0):
 garbage-first heap   total 217088K, used 173990K [0x0000000080000000, 0x0000000100000000)
  region size 1024K, 73 young (74752K), 1 survivors (1024K)
 Metaspace       used 98526K, committed 99136K, reserved 1179648K
  class space    used 12992K, committed 13248K, reserved 1048576K
}
Event: 4.900 GC heap after
{Heap after GC invocations=26 (full 0):
 garbage-first heap   total 217088K, used 104450K [0x0000000080000000, 0x0000000100000000)
  region size 1024K, 5 young (5120K), 5 survivors (5120K)
 Metaspace       used 98526K, committed 99136K, reserved 1179648K
  class space    used 12992K, committed 13248K, reserved 1048576K
}
Event: 5.313 GC heap before
{Heap before GC invocations=27 (full 0):
 garbage-first heap   total 217088K, used 175106K [0x0000000080000000, 0x0000000100000000)
  region size 1024K, 74 young (75776K), 5 survivors (5120K)
 Metaspace       used 107329K, committed 107968K, reserved 1179648K
  class space    used 13929K, committed 14208K, reserved 1048576K
}
Event: 5.317 GC heap after
{Heap after GC invocations=28 (full 0):
 garbage-first heap   total 217088K, used 108463K [0x0000000080000000, 0x0000000100000000)
  region size 1024K, 9 young (9216K), 9 survivors (9216K)
 Metaspace       used 107329K, committed 107968K, reserved 1179648K
  class space    used 13929K, committed 14208K, reserved 1048576K
}
Event: 5.330 GC heap before
{Heap before GC invocations=28 (full 0):
 garbage-first heap   total 217088K, used 109487K [0x0000000080000000, 0x0000000100000000)
  region size 1024K, 10 young (10240K), 9 survivors (9216K)
 Metaspace       used 107516K, committed 108096K, reserved 1179648K
  class space    used 13942K, committed 14208K, reserved 1048576K
}
Event: 5.333 GC heap after
{Heap after GC invocations=29 (full 0):
 garbage-first heap   total 217088K, used 109069K [0x0000000080000000, 0x0000000100000000)
  region size 1024K, 2 young (2048K), 2 survivors (2048K)
 Metaspace       used 107516K, committed 108096K, reserved 1179648K
  class space    used 13942K, committed 14208K, reserved 1048576K
}
Event: 5.821 GC heap before
{Heap before GC invocations=29 (full 0):
 garbage-first heap   total 217088K, used 176653K [0x0000000080000000, 0x0000000100000000)
  region size 1024K, 69 young (70656K), 2 survivors (2048K)
 Metaspace       used 117655K, committed 118272K, reserved 1179648K
  class space    used 15125K, committed 15424K, reserved 1048576K
}
Event: 5.822 GC heap after
{Heap after GC invocations=30 (full 0):
 garbage-first heap   total 217088K, used 110423K [0x0000000080000000, 0x0000000100000000)
  region size 1024K, 3 young (3072K), 3 survivors (3072K)
 Metaspace       used 117655K, committed 118272K, reserved 1179648K
  class space    used 15125K, committed 15424K, reserved 1048576K
}

