# JRE version: OpenJDK Runtime Environment (17.0.11) (build 17.0.11+0--11852314)
# Java VM: OpenJDK 64-Bit Server VM (17.0.11+0--11852314, mixed mode, tiered, compressed oops, compressed class ptrs, g1 gc, windows-amd64)
GC Precious Log:
 CPUs: 16 total, 16 available
 Memory: 16060M
 Large Page Support: Disabled
 NUMA Support: Disabled
 Compressed Oops: Enabled (32-bit)
 Heap Region Size: 1M
 Heap Min Capacity: 8M
 Heap Initial Capacity: 252M
 Heap Max Capacity: 2G
 Pre-touch: Disabled
 Parallel Workers: 13
 Concurrent Workers: 3
 Concurrent Refinement Workers: 13
 Periodic GC: Disabled
Heap:
 garbage-first heap   total 156672K, used 127637K [0x0000000080000000, 0x0000000100000000)
  region size 1024K, 21 young (21504K), 3 survivors (3072K)
 Metaspace       used 93762K, committed 94656K, reserved 1179648K
  class space    used 12972K, committed 13376K, reserved 1048576K
GC Heap History (20 events):
Event: 6.794 GC heap before
{Heap before GC invocations=23 (full 0):
 garbage-first heap   total 156672K, used 126604K [0x0000000080000000, 0x0000000100000000)
  region size 1024K, 47 young (48128K), 2 survivors (2048K)
 Metaspace       used 81520K, committed 82112K, reserved 1179648K
  class space    used 11219K, committed 11520K, reserved 1048576K
}
Event: 6.795 GC heap after
{Heap after GC invocations=24 (full 0):
 garbage-first heap   total 156672K, used 80092K [0x0000000080000000, 0x0000000100000000)
  region size 1024K, 3 young (3072K), 3 survivors (3072K)
 Metaspace       used 81520K, committed 82112K, reserved 1179648K
  class space    used 11219K, committed 11520K, reserved 1048576K
}
Event: 6.831 GC heap before
{Heap before GC invocations=24 (full 0):
 garbage-first heap   total 156672K, used 84188K [0x0000000080000000, 0x0000000100000000)
  region size 1024K, 7 young (7168K), 3 survivors (3072K)
 Metaspace       used 81829K, committed 82432K, reserved 1179648K
  class space    used 11273K, committed 11584K, reserved 1048576K
}
Event: 6.832 GC heap after
{Heap after GC invocations=25 (full 0):
 garbage-first heap   total 156672K, used 79823K [0x0000000080000000, 0x0000000100000000)
  region size 1024K, 1 young (1024K), 1 survivors (1024K)
 Metaspace       used 81829K, committed 82432K, reserved 1179648K
  class space    used 11273K, committed 11584K, reserved 1048576K
}
Event: 7.213 GC heap before
{Heap before GC invocations=25 (full 0):
 garbage-first heap   total 156672K, used 126927K [0x0000000080000000, 0x0000000100000000)
  region size 1024K, 47 young (48128K), 1 survivors (1024K)
 Metaspace       used 85318K, committed 86016K, reserved 1179648K
  class space    used 11830K, committed 12160K, reserved 1048576K
}
Event: 7.215 GC heap after
{Heap after GC invocations=26 (full 0):
 garbage-first heap   total 156672K, used 81856K [0x0000000080000000, 0x0000000100000000)
  region size 1024K, 3 young (3072K), 3 survivors (3072K)
 Metaspace       used 85318K, committed 86016K, reserved 1179648K
  class space    used 11830K, committed 12160K, reserved 1048576K
}
Event: 7.607 GC heap before
{Heap before GC invocations=27 (full 0):
 garbage-first heap   total 156672K, used 132032K [0x0000000080000000, 0x0000000100000000)
  region size 1024K, 48 young (49152K), 3 survivors (3072K)
 Metaspace       used 89328K, committed 90048K, reserved 1179648K
  class space    used 12386K, committed 12736K, reserved 1048576K
}
Event: 7.609 GC heap after
{Heap after GC invocations=28 (full 0):
 garbage-first heap   total 156672K, used 89664K [0x0000000080000000, 0x0000000100000000)
  region size 1024K, 6 young (6144K), 6 survivors (6144K)
 Metaspace       used 89328K, committed 90048K, reserved 1179648K
  class space    used 12386K, committed 12736K, reserved 1048576K
}
Event: 7.617 GC heap before
{Heap before GC invocations=28 (full 0):
 garbage-first heap   total 156672K, used 89664K [0x0000000080000000, 0x0000000100000000)
  region size 1024K, 7 young (7168K), 6 survivors (6144K)
 Metaspace       used 89370K, committed 90048K, reserved 1179648K
  class space    used 12392K, committed 12736K, reserved 1048576K
}
Event: 7.619 GC heap after
{Heap after GC invocations=29 (full 0):
 garbage-first heap   total 156672K, used 89982K [0x0000000080000000, 0x0000000100000000)
  region size 1024K, 1 young (1024K), 1 survivors (1024K)
 Metaspace       used 89370K, committed 90048K, reserved 1179648K
  class space    used 12392K, committed 12736K, reserved 1048576K
}
Event: 8.051 GC heap before
{Heap before GC invocations=29 (full 0):
 garbage-first heap   total 156672K, used 130942K [0x0000000080000000, 0x0000000100000000)
  region size 1024K, 41 young (41984K), 1 survivors (1024K)
 Metaspace       used 91213K, committed 91904K, reserved 1179648K
  class space    used 12655K, committed 12992K, reserved 1048576K
}
Event: 8.053 GC heap after
{Heap after GC invocations=30 (full 0):
 garbage-first heap   total 156672K, used 93415K [0x0000000080000000, 0x0000000100000000)
  region size 1024K, 5 young (5120K), 5 survivors (5120K)
 Metaspace       used 91213K, committed 91904K, reserved 1179648K
  class space    used 12655K, committed 12992K, reserved 1048576K
}
Event: 8.333 GC heap before
{Heap before GC invocations=30 (full 0):
 garbage-first heap   total 156672K, used 129255K [0x0000000080000000, 0x0000000100000000)
  region size 1024K, 40 young (40960K), 5 survivors (5120K)
 Metaspace       used 92040K, committed 92864K, reserved 1179648K
  class space    used 12755K, committed 13120K, reserved 1048576K
}
Event: 8.336 GC heap after
{Heap after GC invocations=31 (full 0):
 garbage-first heap   total 156672K, used 99445K [0x0000000080000000, 0x0000000100000000)
  region size 1024K, 5 young (5120K), 5 survivors (5120K)
 Metaspace       used 92040K, committed 92864K, reserved 1179648K
  class space    used 12755K, committed 13120K, reserved 1048576K
}
Event: 8.560 GC heap before
{Heap before GC invocations=31 (full 0):
 garbage-first heap   total 156672K, used 126069K [0x0000000080000000, 0x0000000100000000)
  region size 1024K, 32 young (32768K), 5 survivors (5120K)
 Metaspace       used 92874K, committed 93696K, reserved 1179648K
  class space    used 12859K, committed 13248K, reserved 1048576K
}
Event: 8.563 GC heap after
{Heap after GC invocations=32 (full 0):
 garbage-first heap   total 156672K, used 104953K [0x0000000080000000, 0x0000000100000000)
  region size 1024K, 4 young (4096K), 4 survivors (4096K)
 Metaspace       used 92874K, committed 93696K, reserved 1179648K
  class space    used 12859K, committed 13248K, reserved 1048576K
}
Event: 8.912 GC heap before
{Heap before GC invocations=32 (full 0):
 garbage-first heap   total 156672K, used 127481K [0x0000000080000000, 0x0000000100000000)
  region size 1024K, 27 young (27648K), 4 survivors (4096K)
 Metaspace       used 93061K, committed 93824K, reserved 1179648K
  class space    used 12885K, committed 13248K, reserved 1048576K
}
Event: 8.914 GC heap after
{Heap after GC invocations=33 (full 0):
 garbage-first heap   total 156672K, used 108300K [0x0000000080000000, 0x0000000100000000)
  region size 1024K, 4 young (4096K), 4 survivors (4096K)
 Metaspace       used 93061K, committed 93824K, reserved 1179648K
  class space    used 12885K, committed 13248K, reserved 1048576K
}
Event: 9.108 GC heap before
{Heap before GC invocations=33 (full 0):
 garbage-first heap   total 156672K, used 128780K [0x0000000080000000, 0x0000000100000000)
  region size 1024K, 24 young (24576K), 4 survivors (4096K)
 Metaspace       used 93498K, committed 94272K, reserved 1179648K
  class space    used 12948K, committed 13312K, reserved 1048576K
}
Event: 9.110 GC heap after
{Heap after GC invocations=34 (full 0):
 garbage-first heap   total 156672K, used 110229K [0x0000000080000000, 0x0000000100000000)
  region size 1024K, 3 young (3072K), 3 survivors (3072K)
 Metaspace       used 93498K, committed 94272K, reserved 1179648K
  class space    used 12948K, committed 13312K, reserved 1048576K
}

