# JRE version: OpenJDK Runtime Environment (17.0.11) (build 17.0.11+0--11852314)
# Java VM: OpenJDK 64-Bit Server VM (17.0.11+0--11852314, mixed mode, tiered, compressed oops, compressed class ptrs, g1 gc, windows-amd64)
GC Precious Log:
 CPUs: 16 total, 16 available
 Memory: 16060M
 Large Page Support: Disabled
 NUMA Support: Disabled
 Compressed Oops: Enabled (32-bit)
 Heap Region Size: 1M
 Heap Min Capacity: 8M
 Heap Initial Capacity: 252M
 Heap Max Capacity: 2G
 Pre-touch: Disabled
 Parallel Workers: 13
 Concurrent Workers: 3
 Concurrent Refinement Workers: 13
 Periodic GC: Disabled
Heap:
 garbage-first heap   total 263168K, used 178186K [0x0000000080000000, 0x0000000100000000)
  region size 1024K, 11 young (11264K), 4 survivors (4096K)
 Metaspace       used 131263K, committed 132416K, reserved 1179648K
  class space    used 18210K, committed 18752K, reserved 1048576K
GC Heap History (20 events):
Event: 10.178 GC heap before
{Heap before GC invocations=51 (full 0):
 garbage-first heap   total 219136K, used 186656K [0x0000000080000000, 0x0000000100000000)
  region size 1024K, 40 young (40960K), 5 survivors (5120K)
 Metaspace       used 111579K, committed 112640K, reserved 1179648K
  class space    used 15394K, committed 15872K, reserved 1048576K
}
Event: 10.180 GC heap after
{Heap after GC invocations=52 (full 0):
 garbage-first heap   total 219136K, used 148076K [0x0000000080000000, 0x0000000100000000)
  region size 1024K, 4 young (4096K), 4 survivors (4096K)
 Metaspace       used 111579K, committed 112640K, reserved 1179648K
  class space    used 15394K, committed 15872K, reserved 1048576K
}
Event: 10.450 GC heap before
{Heap before GC invocations=52 (full 0):
 garbage-first heap   total 219136K, used 182892K [0x0000000080000000, 0x0000000100000000)
  region size 1024K, 39 young (39936K), 4 survivors (4096K)
 Metaspace       used 115464K, committed 116544K, reserved 1179648K
  class space    used 15967K, committed 16448K, reserved 1048576K
}
Event: 10.452 GC heap after
{Heap after GC invocations=53 (full 0):
 garbage-first heap   total 219136K, used 151886K [0x0000000080000000, 0x0000000100000000)
  region size 1024K, 4 young (4096K), 4 survivors (4096K)
 Metaspace       used 115464K, committed 116544K, reserved 1179648K
  class space    used 15967K, committed 16448K, reserved 1048576K
}
Event: 10.648 GC heap before
{Heap before GC invocations=53 (full 0):
 garbage-first heap   total 219136K, used 185678K [0x0000000080000000, 0x0000000100000000)
  region size 1024K, 36 young (36864K), 4 survivors (4096K)
 Metaspace       used 118936K, committed 120064K, reserved 1179648K
  class space    used 16349K, committed 16832K, reserved 1048576K
}
Event: 10.651 GC heap after
{Heap after GC invocations=54 (full 0):
 garbage-first heap   total 219136K, used 159656K [0x0000000080000000, 0x0000000100000000)
  region size 1024K, 5 young (5120K), 5 survivors (5120K)
 Metaspace       used 118936K, committed 120064K, reserved 1179648K
  class space    used 16349K, committed 16832K, reserved 1048576K
}
Event: 10.813 GC heap before
{Heap before GC invocations=54 (full 0):
 garbage-first heap   total 219136K, used 184232K [0x0000000080000000, 0x0000000100000000)
  region size 1024K, 29 young (29696K), 5 survivors (5120K)
 Metaspace       used 120521K, committed 121600K, reserved 1179648K
  class space    used 16551K, committed 17024K, reserved 1048576K
}
Event: 10.816 GC heap after
{Heap after GC invocations=55 (full 0):
 garbage-first heap   total 219136K, used 164822K [0x0000000080000000, 0x0000000100000000)
  region size 1024K, 4 young (4096K), 4 survivors (4096K)
 Metaspace       used 120521K, committed 121600K, reserved 1179648K
  class space    used 16551K, committed 17024K, reserved 1048576K
}
Event: 10.915 GC heap before
{Heap before GC invocations=55 (full 0):
 garbage-first heap   total 219136K, used 185302K [0x0000000080000000, 0x0000000100000000)
  region size 1024K, 24 young (24576K), 4 survivors (4096K)
 Metaspace       used 120930K, committed 121984K, reserved 1179648K
  class space    used 16616K, committed 17088K, reserved 1048576K
}
Event: 10.917 GC heap after
{Heap after GC invocations=56 (full 0):
 garbage-first heap   total 219136K, used 168510K [0x0000000080000000, 0x0000000100000000)
  region size 1024K, 3 young (3072K), 3 survivors (3072K)
 Metaspace       used 120930K, committed 121984K, reserved 1179648K
  class space    used 16616K, committed 17088K, reserved 1048576K
}
Event: 10.941 GC heap before
{Heap before GC invocations=56 (full 0):
 garbage-first heap   total 219136K, used 184894K [0x0000000080000000, 0x0000000100000000)
  region size 1024K, 20 young (20480K), 3 survivors (3072K)
 Metaspace       used 120933K, committed 121984K, reserved 1179648K
  class space    used 16616K, committed 17088K, reserved 1048576K
}
Event: 10.943 GC heap after
{Heap after GC invocations=57 (full 0):
 garbage-first heap   total 219136K, used 169730K [0x0000000080000000, 0x0000000100000000)
  region size 1024K, 3 young (3072K), 3 survivors (3072K)
 Metaspace       used 120933K, committed 121984K, reserved 1179648K
  class space    used 16616K, committed 17088K, reserved 1048576K
}
Event: 10.978 GC heap before
{Heap before GC invocations=57 (full 0):
 garbage-first heap   total 219136K, used 186114K [0x0000000080000000, 0x0000000100000000)
  region size 1024K, 20 young (20480K), 3 survivors (3072K)
 Metaspace       used 121013K, committed 122048K, reserved 1179648K
  class space    used 16626K, committed 17088K, reserved 1048576K
}
Event: 10.980 GC heap after
{Heap after GC invocations=58 (full 0):
 garbage-first heap   total 219136K, used 170464K [0x0000000080000000, 0x0000000100000000)
  region size 1024K, 3 young (3072K), 3 survivors (3072K)
 Metaspace       used 121013K, committed 122048K, reserved 1179648K
  class space    used 16626K, committed 17088K, reserved 1048576K
}
Event: 11.093 GC heap before
{Heap before GC invocations=58 (full 0):
 garbage-first heap   total 219136K, used 185824K [0x0000000080000000, 0x0000000100000000)
  region size 1024K, 19 young (19456K), 3 survivors (3072K)
 Metaspace       used 122064K, committed 123200K, reserved 1179648K
  class space    used 16807K, committed 17344K, reserved 1048576K
}
Event: 11.095 GC heap after
{Heap after GC invocations=59 (full 0):
 garbage-first heap   total 263168K, used 171355K [0x0000000080000000, 0x0000000100000000)
  region size 1024K, 2 young (2048K), 2 survivors (2048K)
 Metaspace       used 122064K, committed 123200K, reserved 1179648K
  class space    used 16807K, committed 17344K, reserved 1048576K
}
Event: 11.592 GC heap before
{Heap before GC invocations=59 (full 0):
 garbage-first heap   total 263168K, used 215387K [0x0000000080000000, 0x0000000100000000)
  region size 1024K, 46 young (47104K), 2 survivors (2048K)
 Metaspace       used 127214K, committed 128384K, reserved 1179648K
  class space    used 17581K, committed 18112K, reserved 1048576K
}
Event: 11.594 GC heap after
{Heap after GC invocations=60 (full 0):
 garbage-first heap   total 263168K, used 172810K [0x0000000080000000, 0x0000000100000000)
  region size 1024K, 4 young (4096K), 4 survivors (4096K)
 Metaspace       used 127214K, committed 128384K, reserved 1179648K
  class space    used 17581K, committed 18112K, reserved 1048576K
}
Event: 11.750 GC heap before
{Heap before GC invocations=60 (full 0):
 garbage-first heap   total 263168K, used 195338K [0x0000000080000000, 0x0000000100000000)
  region size 1024K, 28 young (28672K), 4 survivors (4096K)
 Metaspace       used 130346K, committed 131520K, reserved 1179648K
  class space    used 18053K, committed 18624K, reserved 1048576K
}
Event: 11.753 GC heap after
{Heap after GC invocations=61 (full 0):
 garbage-first heap   total 263168K, used 173066K [0x0000000080000000, 0x0000000100000000)
  region size 1024K, 4 young (4096K), 4 survivors (4096K)
 Metaspace       used 130346K, committed 131520K, reserved 1179648K
  class space    used 18053K, committed 18624K, reserved 1048576K
}

