# JRE version: OpenJDK Runtime Environment (17.0.11) (build 17.0.11+0--11852314)
# Java VM: OpenJDK 64-Bit Server VM (17.0.11+0--11852314, mixed mode, tiered, compressed oops, compressed class ptrs, g1 gc, windows-amd64)
GC Precious Log:
 CPUs: 16 total, 16 available
 Memory: 16060M
 Large Page Support: Disabled
 NUMA Support: Disabled
 Compressed Oops: Enabled (32-bit)
 Heap Region Size: 1M
 Heap Min Capacity: 8M
 Heap Initial Capacity: 252M
 Heap Max Capacity: 2G
 Pre-touch: Disabled
 Parallel Workers: 13
 Concurrent Workers: 3
 Concurrent Refinement Workers: 13
 Periodic GC: Disabled
Heap:
 garbage-first heap   total 425984K, used 327893K [0x0000000080000000, 0x0000000100000000)
  region size 1024K, 74 young (75776K), 2 survivors (2048K)
 Metaspace       used 142297K, committed 143680K, reserved 1179648K
  class space    used 20131K, committed 20800K, reserved 1048576K
GC Heap History (20 events):
Event: 34.026 GC heap before
{Heap before GC invocations=56 (full 0):
 garbage-first heap   total 313344K, used 261213K [0x0000000080000000, 0x0000000100000000)
  region size 1024K, 51 young (52224K), 3 survivors (3072K)
 Metaspace       used 134888K, committed 136256K, reserved 1179648K
  class space    used 19407K, committed 20032K, reserved 1048576K
}
Event: 34.031 GC heap after
{Heap after GC invocations=57 (full 0):
 garbage-first heap   total 313344K, used 224256K [0x0000000080000000, 0x0000000100000000)
  region size 1024K, 7 young (7168K), 7 survivors (7168K)
 Metaspace       used 134888K, committed 136256K, reserved 1179648K
  class space    used 19407K, committed 20032K, reserved 1048576K
}
Event: 34.247 GC heap before
{Heap before GC invocations=57 (full 0):
 garbage-first heap   total 313344K, used 262144K [0x0000000080000000, 0x0000000100000000)
  region size 1024K, 37 young (37888K), 7 survivors (7168K)
 Metaspace       used 135375K, committed 136704K, reserved 1179648K
  class space    used 19450K, committed 20032K, reserved 1048576K
}
Event: 34.251 GC heap after
{Heap after GC invocations=58 (full 0):
 garbage-first heap   total 313344K, used 232608K [0x0000000080000000, 0x0000000100000000)
  region size 1024K, 5 young (5120K), 5 survivors (5120K)
 Metaspace       used 135375K, committed 136704K, reserved 1179648K
  class space    used 19450K, committed 20032K, reserved 1048576K
}
Event: 34.404 GC heap before
{Heap before GC invocations=58 (full 0):
 garbage-first heap   total 313344K, used 257184K [0x0000000080000000, 0x0000000100000000)
  region size 1024K, 30 young (30720K), 5 survivors (5120K)
 Metaspace       used 135504K, committed 136896K, reserved 1179648K
  class space    used 19456K, committed 20096K, reserved 1048576K
}
Event: 34.407 GC heap after
{Heap after GC invocations=59 (full 0):
 garbage-first heap   total 313344K, used 237645K [0x0000000080000000, 0x0000000100000000)
  region size 1024K, 4 young (4096K), 4 survivors (4096K)
 Metaspace       used 135504K, committed 136896K, reserved 1179648K
  class space    used 19456K, committed 20096K, reserved 1048576K
}
Event: 34.546 GC heap before
{Heap before GC invocations=59 (full 0):
 garbage-first heap   total 313344K, used 278605K [0x0000000080000000, 0x0000000100000000)
  region size 1024K, 28 young (28672K), 4 survivors (4096K)
 Metaspace       used 135790K, committed 137152K, reserved 1179648K
  class space    used 19479K, committed 20096K, reserved 1048576K
}
Event: 34.549 GC heap after
{Heap after GC invocations=60 (full 0):
 garbage-first heap   total 313344K, used 239431K [0x0000000080000000, 0x0000000100000000)
  region size 1024K, 2 young (2048K), 2 survivors (2048K)
 Metaspace       used 135790K, committed 137152K, reserved 1179648K
  class space    used 19479K, committed 20096K, reserved 1048576K
}
Event: 34.581 GC heap before
{Heap before GC invocations=60 (full 0):
 garbage-first heap   total 313344K, used 265031K [0x0000000080000000, 0x0000000100000000)
  region size 1024K, 27 young (27648K), 2 survivors (2048K)
 Metaspace       used 136066K, committed 137408K, reserved 1179648K
  class space    used 19500K, committed 20096K, reserved 1048576K
}
Event: 34.583 GC heap after
{Heap after GC invocations=61 (full 0):
 garbage-first heap   total 313344K, used 244397K [0x0000000080000000, 0x0000000100000000)
  region size 1024K, 4 young (4096K), 4 survivors (4096K)
 Metaspace       used 136066K, committed 137408K, reserved 1179648K
  class space    used 19500K, committed 20096K, reserved 1048576K
}
Event: 34.690 GC heap before
{Heap before GC invocations=61 (full 0):
 garbage-first heap   total 313344K, used 265901K [0x0000000080000000, 0x0000000100000000)
  region size 1024K, 26 young (26624K), 4 survivors (4096K)
 Metaspace       used 137878K, committed 139328K, reserved 1179648K
  class space    used 19658K, committed 20352K, reserved 1048576K
}
Event: 34.692 GC heap after
{Heap after GC invocations=62 (full 0):
 garbage-first heap   total 313344K, used 246934K [0x0000000080000000, 0x0000000100000000)
  region size 1024K, 3 young (3072K), 3 survivors (3072K)
 Metaspace       used 137878K, committed 139328K, reserved 1179648K
  class space    used 19658K, committed 20352K, reserved 1048576K
}
Event: 34.737 GC heap before
{Heap before GC invocations=62 (full 0):
 garbage-first heap   total 313344K, used 267414K [0x0000000080000000, 0x0000000100000000)
  region size 1024K, 24 young (24576K), 3 survivors (3072K)
 Metaspace       used 139225K, committed 140608K, reserved 1179648K
  class space    used 19812K, committed 20480K, reserved 1048576K
}
Event: 34.739 GC heap after
{Heap after GC invocations=63 (full 0):
 garbage-first heap   total 313344K, used 248890K [0x0000000080000000, 0x0000000100000000)
  region size 1024K, 2 young (2048K), 2 survivors (2048K)
 Metaspace       used 139225K, committed 140608K, reserved 1179648K
  class space    used 19812K, committed 20480K, reserved 1048576K
}
Event: 34.785 GC heap before
{Heap before GC invocations=63 (full 0):
 garbage-first heap   total 313344K, used 270394K [0x0000000080000000, 0x0000000100000000)
  region size 1024K, 23 young (23552K), 2 survivors (2048K)
 Metaspace       used 139848K, committed 141248K, reserved 1179648K
  class space    used 19870K, committed 20544K, reserved 1048576K
}
Event: 34.787 GC heap after
{Heap after GC invocations=64 (full 0):
 garbage-first heap   total 313344K, used 251384K [0x0000000080000000, 0x0000000100000000)
  region size 1024K, 3 young (3072K), 3 survivors (3072K)
 Metaspace       used 139848K, committed 141248K, reserved 1179648K
  class space    used 19870K, committed 20544K, reserved 1048576K
}
Event: 34.815 GC heap before
{Heap before GC invocations=64 (full 0):
 garbage-first heap   total 313344K, used 270840K [0x0000000080000000, 0x0000000100000000)
  region size 1024K, 23 young (23552K), 3 survivors (3072K)
 Metaspace       used 139911K, committed 141312K, reserved 1179648K
  class space    used 19873K, committed 20544K, reserved 1048576K
}
Event: 34.816 GC heap after
{Heap after GC invocations=65 (full 0):
 garbage-first heap   total 313344K, used 252003K [0x0000000080000000, 0x0000000100000000)
  region size 1024K, 2 young (2048K), 2 survivors (2048K)
 Metaspace       used 139911K, committed 141312K, reserved 1179648K
  class space    used 19873K, committed 20544K, reserved 1048576K
}
Event: 34.841 GC heap before
{Heap before GC invocations=65 (full 0):
 garbage-first heap   total 313344K, used 272483K [0x0000000080000000, 0x0000000100000000)
  region size 1024K, 22 young (22528K), 2 survivors (2048K)
 Metaspace       used 139975K, committed 141376K, reserved 1179648K
  class space    used 19877K, committed 20544K, reserved 1048576K
}
Event: 34.843 GC heap after
{Heap after GC invocations=66 (full 0):
 garbage-first heap   total 425984K, used 252117K [0x0000000080000000, 0x0000000100000000)
  region size 1024K, 2 young (2048K), 2 survivors (2048K)
 Metaspace       used 139975K, committed 141376K, reserved 1179648K
  class space    used 19877K, committed 20544K, reserved 1048576K
}

