# JRE version: OpenJDK Runtime Environment (17.0.11) (build 17.0.11+0--11852314)
# Java VM: OpenJDK 64-Bit Server VM (17.0.11+0--11852314, mixed mode, tiered, compressed oops, compressed class ptrs, g1 gc, windows-amd64)
GC Precious Log:
 CPUs: 16 total, 16 available
 Memory: 16060M
 Large Page Support: Disabled
 NUMA Support: Disabled
 Compressed Oops: Enabled (32-bit)
 Heap Region Size: 1M
 Heap Min Capacity: 8M
 Heap Initial Capacity: 252M
 Heap Max Capacity: 2G
 Pre-touch: Disabled
 Parallel Workers: 13
 Concurrent Workers: 3
 Concurrent Refinement Workers: 13
 Periodic GC: Disabled
Heap:
 garbage-first heap   total 111616K, used 65867K [0x0000000080000000, 0x0000000100000000)
  region size 1024K, 4 young (4096K), 4 survivors (4096K)
 Metaspace       used 67558K, committed 68224K, reserved 1114112K
  class space    used 9135K, committed 9472K, reserved 1048576K
GC Heap History (20 events):
Event: 2.864 GC heap after
{Heap after GC invocations=13 (full 0):
 garbage-first heap   total 89088K, used 35442K [0x0000000080000000, 0x0000000100000000)
  region size 1024K, 5 young (5120K), 5 survivors (5120K)
 Metaspace       used 55014K, committed 55552K, reserved 1114112K
  class space    used 7522K, committed 7808K, reserved 1048576K
}
Event: 3.127 GC heap before
{Heap before GC invocations=13 (full 0):
 garbage-first heap   total 89088K, used 69234K [0x0000000080000000, 0x0000000100000000)
  region size 1024K, 39 young (39936K), 5 survivors (5120K)
 Metaspace       used 57013K, committed 57600K, reserved 1114112K
  class space    used 7770K, committed 8064K, reserved 1048576K
}
Event: 3.129 GC heap after
{Heap after GC invocations=14 (full 0):
 garbage-first heap   total 89088K, used 40349K [0x0000000080000000, 0x0000000100000000)
  region size 1024K, 5 young (5120K), 5 survivors (5120K)
 Metaspace       used 57013K, committed 57600K, reserved 1114112K
  class space    used 7770K, committed 8064K, reserved 1048576K
}
Event: 3.204 GC heap before
{Heap before GC invocations=14 (full 0):
 garbage-first heap   total 89088K, used 67997K [0x0000000080000000, 0x0000000100000000)
  region size 1024K, 33 young (33792K), 5 survivors (5120K)
 Metaspace       used 57282K, committed 57856K, reserved 1114112K
  class space    used 7772K, committed 8064K, reserved 1048576K
}
Event: 3.206 GC heap after
{Heap after GC invocations=15 (full 0):
 garbage-first heap   total 89088K, used 42764K [0x0000000080000000, 0x0000000100000000)
  region size 1024K, 4 young (4096K), 4 survivors (4096K)
 Metaspace       used 57282K, committed 57856K, reserved 1114112K
  class space    used 7772K, committed 8064K, reserved 1048576K
}
Event: 3.247 GC heap before
{Heap before GC invocations=15 (full 0):
 garbage-first heap   total 89088K, used 48908K [0x0000000080000000, 0x0000000100000000)
  region size 1024K, 11 young (11264K), 4 survivors (4096K)
 Metaspace       used 57540K, committed 58176K, reserved 1114112K
  class space    used 7809K, committed 8128K, reserved 1048576K
}
Event: 3.249 GC heap after
{Heap after GC invocations=16 (full 0):
 garbage-first heap   total 89088K, used 43487K [0x0000000080000000, 0x0000000100000000)
  region size 1024K, 1 young (1024K), 1 survivors (1024K)
 Metaspace       used 57540K, committed 58176K, reserved 1114112K
  class space    used 7809K, committed 8128K, reserved 1048576K
}
Event: 3.404 GC heap before
{Heap before GC invocations=17 (full 0):
 garbage-first heap   total 89088K, used 80351K [0x0000000080000000, 0x0000000100000000)
  region size 1024K, 27 young (27648K), 1 survivors (1024K)
 Metaspace       used 58905K, committed 59520K, reserved 1114112K
  class space    used 8023K, committed 8320K, reserved 1048576K
}
Event: 3.406 GC heap after
{Heap after GC invocations=18 (full 0):
 garbage-first heap   total 91136K, used 61485K [0x0000000080000000, 0x0000000100000000)
  region size 1024K, 4 young (4096K), 4 survivors (4096K)
 Metaspace       used 58905K, committed 59520K, reserved 1114112K
  class space    used 8023K, committed 8320K, reserved 1048576K
}
Event: 3.411 GC heap before
{Heap before GC invocations=18 (full 0):
 garbage-first heap   total 91136K, used 62509K [0x0000000080000000, 0x0000000100000000)
  region size 1024K, 5 young (5120K), 4 survivors (4096K)
 Metaspace       used 58971K, committed 59584K, reserved 1114112K
  class space    used 8027K, committed 8320K, reserved 1048576K
}
Event: 3.413 GC heap after
{Heap after GC invocations=19 (full 0):
 garbage-first heap   total 109568K, used 61333K [0x0000000080000000, 0x0000000100000000)
  region size 1024K, 1 young (1024K), 1 survivors (1024K)
 Metaspace       used 58971K, committed 59584K, reserved 1114112K
  class space    used 8027K, committed 8320K, reserved 1048576K
}
Event: 3.419 GC heap before
{Heap before GC invocations=19 (full 0):
 garbage-first heap   total 109568K, used 61333K [0x0000000080000000, 0x0000000100000000)
  region size 1024K, 2 young (2048K), 1 survivors (1024K)
 Metaspace       used 59016K, committed 59648K, reserved 1114112K
  class space    used 8031K, committed 8320K, reserved 1048576K
}
Event: 3.419 GC heap after
{Heap after GC invocations=20 (full 0):
 garbage-first heap   total 109568K, used 61265K [0x0000000080000000, 0x0000000100000000)
  region size 1024K, 1 young (1024K), 1 survivors (1024K)
 Metaspace       used 59016K, committed 59648K, reserved 1114112K
  class space    used 8031K, committed 8320K, reserved 1048576K
}
Event: 3.566 GC heap before
{Heap before GC invocations=21 (full 0):
 garbage-first heap   total 111616K, used 86865K [0x0000000080000000, 0x0000000100000000)
  region size 1024K, 25 young (25600K), 1 survivors (1024K)
 Metaspace       used 60953K, committed 61568K, reserved 1114112K
  class space    used 8306K, committed 8576K, reserved 1048576K
}
Event: 3.567 GC heap after
{Heap after GC invocations=22 (full 0):
 garbage-first heap   total 111616K, used 62921K [0x0000000080000000, 0x0000000100000000)
  region size 1024K, 1 young (1024K), 1 survivors (1024K)
 Metaspace       used 60953K, committed 61568K, reserved 1114112K
  class space    used 8306K, committed 8576K, reserved 1048576K
}
Event: 3.598 GC heap before
{Heap before GC invocations=22 (full 0):
 garbage-first heap   total 111616K, used 67017K [0x0000000080000000, 0x0000000100000000)
  region size 1024K, 5 young (5120K), 1 survivors (1024K)
 Metaspace       used 61300K, committed 61952K, reserved 1114112K
  class space    used 8340K, committed 8640K, reserved 1048576K
}
Event: 3.600 GC heap after
{Heap after GC invocations=23 (full 0):
 garbage-first heap   total 111616K, used 63067K [0x0000000080000000, 0x0000000100000000)
  region size 1024K, 1 young (1024K), 1 survivors (1024K)
 Metaspace       used 61300K, committed 61952K, reserved 1114112K
  class space    used 8340K, committed 8640K, reserved 1048576K
}
Event: 3.749 GC heap before
{Heap before GC invocations=23 (full 0):
 garbage-first heap   total 111616K, used 87643K [0x0000000080000000, 0x0000000100000000)
  region size 1024K, 26 young (26624K), 1 survivors (1024K)
 Metaspace       used 64044K, committed 64576K, reserved 1114112K
  class space    used 8633K, committed 8896K, reserved 1048576K
}
Event: 3.750 GC heap after
{Heap after GC invocations=24 (full 0):
 garbage-first heap   total 111616K, used 63529K [0x0000000080000000, 0x0000000100000000)
  region size 1024K, 1 young (1024K), 1 survivors (1024K)
 Metaspace       used 64044K, committed 64576K, reserved 1114112K
  class space    used 8633K, committed 8896K, reserved 1048576K
}
Event: 3.947 GC heap before
{Heap before GC invocations=25 (full 0):
 garbage-first heap   total 111616K, used 91177K [0x0000000080000000, 0x0000000100000000)
  region size 1024K, 28 young (28672K), 1 survivors (1024K)
 Metaspace       used 67558K, committed 68224K, reserved 1114112K
  class space    used 9135K, committed 9472K, reserved 1048576K
}

