# JRE version: OpenJDK Runtime Environment (17.0.11) (build 17.0.11+0--11852314)
# Java VM: OpenJDK 64-Bit Server VM (17.0.11+0--11852314, mixed mode, tiered, compressed oops, compressed class ptrs, g1 gc, windows-amd64)
GC Precious Log:
 CPUs: 16 total, 16 available
 Memory: 16060M
 Large Page Support: Disabled
 NUMA Support: Disabled
 Compressed Oops: Enabled (32-bit)
 Heap Region Size: 1M
 Heap Min Capacity: 8M
 Heap Initial Capacity: 252M
 Heap Max Capacity: 2G
 Pre-touch: Disabled
 Parallel Workers: 13
 Concurrent Workers: 3
 Concurrent Refinement Workers: 13
 Periodic GC: Disabled
Heap:
 garbage-first heap   total 198656K, used 126703K [0x0000000080000000, 0x0000000100000000)
  region size 1024K, 33 young (33792K), 5 survivors (5120K)
 Metaspace       used 91308K, committed 91904K, reserved 1179648K
  class space    used 12209K, committed 12480K, reserved 1048576K
GC Heap History (20 events):
Event: 2.089 GC heap before
{Heap before GC invocations=11 (full 0):
 garbage-first heap   total 140288K, used 93357K [0x0000000080000000, 0x0000000100000000)
  region size 1024K, 55 young (56320K), 2 survivors (2048K)
 Metaspace       used 44809K, committed 45248K, reserved 1114112K
  class space    used 6035K, committed 6272K, reserved 1048576K
}
Event: 2.092 GC heap after
{Heap after GC invocations=12 (full 0):
 garbage-first heap   total 140288K, used 44710K [0x0000000080000000, 0x0000000100000000)
  region size 1024K, 7 young (7168K), 7 survivors (7168K)
 Metaspace       used 44809K, committed 45248K, reserved 1114112K
  class space    used 6035K, committed 6272K, reserved 1048576K
}
Event: 2.368 GC heap before
{Heap before GC invocations=12 (full 0):
 garbage-first heap   total 140288K, used 101030K [0x0000000080000000, 0x0000000100000000)
  region size 1024K, 57 young (58368K), 7 survivors (7168K)
 Metaspace       used 49849K, committed 50304K, reserved 1114112K
  class space    used 6667K, committed 6848K, reserved 1048576K
}
Event: 2.371 GC heap after
{Heap after GC invocations=13 (full 0):
 garbage-first heap   total 140288K, used 48302K [0x0000000080000000, 0x0000000100000000)
  region size 1024K, 5 young (5120K), 5 survivors (5120K)
 Metaspace       used 49849K, committed 50304K, reserved 1114112K
  class space    used 6667K, committed 6848K, reserved 1048576K
}
Event: 2.676 GC heap before
{Heap before GC invocations=13 (full 0):
 garbage-first heap   total 140288K, used 113838K [0x0000000080000000, 0x0000000100000000)
  region size 1024K, 55 young (56320K), 5 survivors (5120K)
 Metaspace       used 53937K, committed 54464K, reserved 1114112K
  class space    used 7172K, committed 7424K, reserved 1048576K
}
Event: 2.678 GC heap after
{Heap after GC invocations=14 (full 0):
 garbage-first heap   total 140288K, used 68476K [0x0000000080000000, 0x0000000100000000)
  region size 1024K, 7 young (7168K), 7 survivors (7168K)
 Metaspace       used 53937K, committed 54464K, reserved 1114112K
  class space    used 7172K, committed 7424K, reserved 1048576K
}
Event: 2.906 GC heap before
{Heap before GC invocations=14 (full 0):
 garbage-first heap   total 140288K, used 106364K [0x0000000080000000, 0x0000000100000000)
  region size 1024K, 44 young (45056K), 7 survivors (7168K)
 Metaspace       used 59373K, committed 59968K, reserved 1114112K
  class space    used 8368K, committed 8640K, reserved 1048576K
}
Event: 2.909 GC heap after
{Heap after GC invocations=15 (full 0):
 garbage-first heap   total 140288K, used 69708K [0x0000000080000000, 0x0000000100000000)
  region size 1024K, 2 young (2048K), 2 survivors (2048K)
 Metaspace       used 59373K, committed 59968K, reserved 1114112K
  class space    used 8368K, committed 8640K, reserved 1048576K
}
Event: 2.917 GC heap before
{Heap before GC invocations=15 (full 0):
 garbage-first heap   total 140288K, used 70732K [0x0000000080000000, 0x0000000100000000)
  region size 1024K, 4 young (4096K), 2 survivors (2048K)
 Metaspace       used 59561K, committed 60096K, reserved 1114112K
  class space    used 8394K, committed 8640K, reserved 1048576K
}
Event: 2.918 GC heap after
{Heap after GC invocations=16 (full 0):
 garbage-first heap   total 140288K, used 69522K [0x0000000080000000, 0x0000000100000000)
  region size 1024K, 2 young (2048K), 2 survivors (2048K)
 Metaspace       used 59561K, committed 60096K, reserved 1114112K
  class space    used 8394K, committed 8640K, reserved 1048576K
}
Event: 3.139 GC heap before
{Heap before GC invocations=17 (full 0):
 garbage-first heap   total 140288K, used 110482K [0x0000000080000000, 0x0000000100000000)
  region size 1024K, 42 young (43008K), 2 survivors (2048K)
 Metaspace       used 64647K, committed 65216K, reserved 1114112K
  class space    used 9084K, committed 9344K, reserved 1048576K
}
Event: 3.141 GC heap after
{Heap after GC invocations=18 (full 0):
 garbage-first heap   total 198656K, used 70490K [0x0000000080000000, 0x0000000100000000)
  region size 1024K, 3 young (3072K), 3 survivors (3072K)
 Metaspace       used 64647K, committed 65216K, reserved 1114112K
  class space    used 9084K, committed 9344K, reserved 1048576K
}
Event: 3.605 GC heap before
{Heap before GC invocations=18 (full 0):
 garbage-first heap   total 198656K, used 167770K [0x0000000080000000, 0x0000000100000000)
  region size 1024K, 91 young (93184K), 3 survivors (3072K)
 Metaspace       used 72834K, committed 73408K, reserved 1114112K
  class space    used 10093K, committed 10368K, reserved 1048576K
}
Event: 3.610 GC heap after
{Heap after GC invocations=19 (full 0):
 garbage-first heap   total 198656K, used 81776K [0x0000000080000000, 0x0000000100000000)
  region size 1024K, 12 young (12288K), 12 survivors (12288K)
 Metaspace       used 72834K, committed 73408K, reserved 1114112K
  class space    used 10093K, committed 10368K, reserved 1048576K
}
Event: 4.067 GC heap before
{Heap before GC invocations=19 (full 0):
 garbage-first heap   total 198656K, used 163696K [0x0000000080000000, 0x0000000100000000)
  region size 1024K, 85 young (87040K), 12 survivors (12288K)
 Metaspace       used 81956K, committed 82560K, reserved 1179648K
  class space    used 11028K, committed 11328K, reserved 1048576K
}
Event: 4.071 GC heap after
{Heap after GC invocations=20 (full 0):
 garbage-first heap   total 198656K, used 93982K [0x0000000080000000, 0x0000000100000000)
  region size 1024K, 6 young (6144K), 6 survivors (6144K)
 Metaspace       used 81956K, committed 82560K, reserved 1179648K
  class space    used 11028K, committed 11328K, reserved 1048576K
}
Event: 4.472 GC heap before
{Heap before GC invocations=20 (full 0):
 garbage-first heap   total 198656K, used 157470K [0x0000000080000000, 0x0000000100000000)
  region size 1024K, 68 young (69632K), 6 survivors (6144K)
 Metaspace       used 89834K, committed 90432K, reserved 1179648K
  class space    used 12011K, committed 12288K, reserved 1048576K
}
Event: 4.475 GC heap after
{Heap after GC invocations=21 (full 0):
 garbage-first heap   total 198656K, used 97002K [0x0000000080000000, 0x0000000100000000)
  region size 1024K, 9 young (9216K), 9 survivors (9216K)
 Metaspace       used 89834K, committed 90432K, reserved 1179648K
  class space    used 12011K, committed 12288K, reserved 1048576K
}
Event: 4.555 GC heap before
{Heap before GC invocations=22 (full 0):
 garbage-first heap   total 198656K, used 107242K [0x0000000080000000, 0x0000000100000000)
  region size 1024K, 20 young (20480K), 9 survivors (9216K)
 Metaspace       used 90777K, committed 91392K, reserved 1179648K
  class space    used 12151K, committed 12416K, reserved 1048576K
}
Event: 4.557 GC heap after
{Heap after GC invocations=23 (full 0):
 garbage-first heap   total 198656K, used 98031K [0x0000000080000000, 0x0000000100000000)
  region size 1024K, 5 young (5120K), 5 survivors (5120K)
 Metaspace       used 90777K, committed 91392K, reserved 1179648K
  class space    used 12151K, committed 12416K, reserved 1048576K
}

