# JRE version: OpenJDK Runtime Environment (17.0.11) (build 17.0.11+0--11852314)
# Java VM: OpenJDK 64-Bit Server VM (17.0.11+0--11852314, mixed mode, tiered, compressed oops, compressed class ptrs, g1 gc, windows-amd64)
GC Precious Log:
 CPUs: 16 total, 16 available
 Memory: 16060M
 Large Page Support: Disabled
 NUMA Support: Disabled
 Compressed Oops: Enabled (32-bit)
 Heap Region Size: 1M
 Heap Min Capacity: 8M
 Heap Initial Capacity: 252M
 Heap Max Capacity: 2G
 Pre-touch: Disabled
 Parallel Workers: 13
 Concurrent Workers: 3
 Concurrent Refinement Workers: 13
 Periodic GC: Disabled
Heap:
 garbage-first heap   total 279552K, used 164483K [0x0000000080000000, 0x0000000100000000)
  region size 1024K, 66 young (67584K), 2 survivors (2048K)
 Metaspace       used 91890K, committed 92480K, reserved 1179648K
  class space    used 12272K, committed 12544K, reserved 1048576K
GC Heap History (20 events):
Event: 3.294 GC heap before
{Heap before GC invocations=22 (full 0):
 garbage-first heap   total 122880K, used 86855K [0x0000000080000000, 0x0000000100000000)
  region size 1024K, 18 young (18432K), 2 survivors (2048K)
 Metaspace       used 53816K, committed 54400K, reserved 1114112K
  class space    used 7168K, committed 7424K, reserved 1048576K
}
Event: 3.296 GC heap after
{Heap after GC invocations=23 (full 0):
 garbage-first heap   total 147456K, used 69513K [0x0000000080000000, 0x0000000100000000)
  region size 1024K, 2 young (2048K), 2 survivors (2048K)
 Metaspace       used 53816K, committed 54400K, reserved 1114112K
  class space    used 7168K, committed 7424K, reserved 1048576K
}
Event: 3.515 GC heap before
{Heap before GC invocations=23 (full 0):
 garbage-first heap   total 147456K, used 100233K [0x0000000080000000, 0x0000000100000000)
  region size 1024K, 32 young (32768K), 2 survivors (2048K)
 Metaspace       used 55874K, committed 56448K, reserved 1114112K
  class space    used 7502K, committed 7808K, reserved 1048576K
}
Event: 3.516 GC heap after
{Heap after GC invocations=24 (full 0):
 garbage-first heap   total 147456K, used 70753K [0x0000000080000000, 0x0000000100000000)
  region size 1024K, 4 young (4096K), 4 survivors (4096K)
 Metaspace       used 55874K, committed 56448K, reserved 1114112K
  class space    used 7502K, committed 7808K, reserved 1048576K
}
Event: 3.695 GC heap before
{Heap before GC invocations=25 (full 0):
 garbage-first heap   total 147456K, used 103521K [0x0000000080000000, 0x0000000100000000)
  region size 1024K, 36 young (36864K), 4 survivors (4096K)
 Metaspace       used 59910K, committed 60544K, reserved 1114112K
  class space    used 8057K, committed 8320K, reserved 1048576K
}
Event: 3.696 GC heap after
{Heap after GC invocations=26 (full 0):
 garbage-first heap   total 147456K, used 71730K [0x0000000080000000, 0x0000000100000000)
  region size 1024K, 4 young (4096K), 4 survivors (4096K)
 Metaspace       used 59910K, committed 60544K, reserved 1114112K
  class space    used 8057K, committed 8320K, reserved 1048576K
}
Event: 3.714 GC heap before
{Heap before GC invocations=26 (full 0):
 garbage-first heap   total 147456K, used 74802K [0x0000000080000000, 0x0000000100000000)
  region size 1024K, 7 young (7168K), 4 survivors (4096K)
 Metaspace       used 60312K, committed 60928K, reserved 1114112K
  class space    used 8112K, committed 8384K, reserved 1048576K
}
Event: 3.716 GC heap after
{Heap after GC invocations=27 (full 0):
 garbage-first heap   total 147456K, used 72076K [0x0000000080000000, 0x0000000100000000)
  region size 1024K, 1 young (1024K), 1 survivors (1024K)
 Metaspace       used 60312K, committed 60928K, reserved 1114112K
  class space    used 8112K, committed 8384K, reserved 1048576K
}
Event: 3.956 GC heap before
{Heap before GC invocations=27 (full 0):
 garbage-first heap   total 147456K, used 108940K [0x0000000080000000, 0x0000000100000000)
  region size 1024K, 37 young (37888K), 1 survivors (1024K)
 Metaspace       used 65923K, committed 66560K, reserved 1114112K
  class space    used 8778K, committed 9088K, reserved 1048576K
}
Event: 3.957 GC heap after
{Heap after GC invocations=28 (full 0):
 garbage-first heap   total 147456K, used 72434K [0x0000000080000000, 0x0000000100000000)
  region size 1024K, 1 young (1024K), 1 survivors (1024K)
 Metaspace       used 65923K, committed 66560K, reserved 1114112K
  class space    used 8778K, committed 9088K, reserved 1048576K
}
Event: 4.249 GC heap before
{Heap before GC invocations=29 (full 0):
 garbage-first heap   total 147456K, used 119538K [0x0000000080000000, 0x0000000100000000)
  region size 1024K, 40 young (40960K), 1 survivors (1024K)
 Metaspace       used 72218K, committed 72832K, reserved 1114112K
  class space    used 10050K, committed 10304K, reserved 1048576K
}
Event: 4.251 GC heap after
{Heap after GC invocations=30 (full 0):
 garbage-first heap   total 147456K, used 82289K [0x0000000080000000, 0x0000000100000000)
  region size 1024K, 4 young (4096K), 4 survivors (4096K)
 Metaspace       used 72218K, committed 72832K, reserved 1114112K
  class space    used 10050K, committed 10304K, reserved 1048576K
}
Event: 4.257 GC heap before
{Heap before GC invocations=30 (full 0):
 garbage-first heap   total 147456K, used 85361K [0x0000000080000000, 0x0000000100000000)
  region size 1024K, 7 young (7168K), 4 survivors (4096K)
 Metaspace       used 72218K, committed 72832K, reserved 1114112K
  class space    used 10050K, committed 10304K, reserved 1048576K
}
Event: 4.258 GC heap after
{Heap after GC invocations=31 (full 0):
 garbage-first heap   total 147456K, used 82963K [0x0000000080000000, 0x0000000100000000)
  region size 1024K, 1 young (1024K), 1 survivors (1024K)
 Metaspace       used 72218K, committed 72832K, reserved 1114112K
  class space    used 10050K, committed 10304K, reserved 1048576K
}
Event: 4.376 GC heap before
{Heap before GC invocations=31 (full 0):
 garbage-first heap   total 147456K, used 115731K [0x0000000080000000, 0x0000000100000000)
  region size 1024K, 33 young (33792K), 1 survivors (1024K)
 Metaspace       used 72945K, committed 73664K, reserved 1114112K
  class space    used 10121K, committed 10432K, reserved 1048576K
}
Event: 4.381 GC heap after
{Heap after GC invocations=32 (full 0):
 garbage-first heap   total 279552K, used 84958K [0x0000000080000000, 0x0000000100000000)
  region size 1024K, 5 young (5120K), 5 survivors (5120K)
 Metaspace       used 72945K, committed 73664K, reserved 1114112K
  class space    used 10121K, committed 10432K, reserved 1048576K
}
Event: 5.100 GC heap before
{Heap before GC invocations=33 (full 0):
 garbage-first heap   total 279552K, used 201694K [0x0000000080000000, 0x0000000100000000)
  region size 1024K, 112 young (114688K), 5 survivors (5120K)
 Metaspace       used 86288K, committed 86912K, reserved 1179648K
  class space    used 11575K, committed 11840K, reserved 1048576K
}
Event: 5.105 GC heap after
{Heap after GC invocations=34 (full 0):
 garbage-first heap   total 279552K, used 97963K [0x0000000080000000, 0x0000000100000000)
  region size 1024K, 11 young (11264K), 11 survivors (11264K)
 Metaspace       used 86288K, committed 86912K, reserved 1179648K
  class space    used 11575K, committed 11840K, reserved 1048576K
}
Event: 5.119 GC heap before
{Heap before GC invocations=34 (full 0):
 garbage-first heap   total 279552K, used 98987K [0x0000000080000000, 0x0000000100000000)
  region size 1024K, 13 young (13312K), 11 survivors (11264K)
 Metaspace       used 86490K, committed 87168K, reserved 1179648K
  class space    used 11600K, committed 11904K, reserved 1048576K
}
Event: 5.123 GC heap after
{Heap after GC invocations=35 (full 0):
 garbage-first heap   total 279552K, used 98947K [0x0000000080000000, 0x0000000100000000)
  region size 1024K, 2 young (2048K), 2 survivors (2048K)
 Metaspace       used 86490K, committed 87168K, reserved 1179648K
  class space    used 11600K, committed 11904K, reserved 1048576K
}

