# JRE version: OpenJDK Runtime Environment (17.0.11) (build 17.0.11+0--11852314)
# Java VM: OpenJDK 64-Bit Server VM (17.0.11+0--11852314, mixed mode, tiered, compressed oops, compressed class ptrs, g1 gc, windows-amd64)
GC Precious Log:
 CPUs: 16 total, 16 available
 Memory: 16060M
 Large Page Support: Disabled
 NUMA Support: Disabled
 Compressed Oops: Enabled (32-bit)
 Heap Region Size: 1M
 Heap Min Capacity: 8M
 Heap Initial Capacity: 252M
 Heap Max Capacity: 2G
 Pre-touch: Disabled
 Parallel Workers: 13
 Concurrent Workers: 3
 Concurrent Refinement Workers: 13
 Periodic GC: Disabled
Heap:
 garbage-first heap   total 248832K, used 183809K [0x0000000080000000, 0x0000000100000000)
  region size 1024K, 18 young (18432K), 9 survivors (9216K)
 Metaspace       used 109654K, committed 110848K, reserved 1179648K
  class space    used 15205K, committed 15744K, reserved 1048576K
GC Heap History (20 events):
Event: 7.183 GC heap before
{Heap before GC invocations=35 (full 0):
 garbage-first heap   total 248832K, used 204663K [0x0000000080000000, 0x0000000100000000)
  region size 1024K, 119 young (121856K), 2 survivors (2048K)
 Metaspace       used 91258K, committed 91968K, reserved 1179648K
  class space    used 12664K, committed 12992K, reserved 1048576K
}
Event: 7.187 GC heap after
{Heap after GC invocations=36 (full 0):
 garbage-first heap   total 248832K, used 93862K [0x0000000080000000, 0x0000000100000000)
  region size 1024K, 11 young (11264K), 11 survivors (11264K)
 Metaspace       used 91258K, committed 91968K, reserved 1179648K
  class space    used 12664K, committed 12992K, reserved 1048576K
}
Event: 7.194 GC heap before
{Heap before GC invocations=36 (full 0):
 garbage-first heap   total 248832K, used 94886K [0x0000000080000000, 0x0000000100000000)
  region size 1024K, 12 young (12288K), 11 survivors (11264K)
 Metaspace       used 91354K, committed 92096K, reserved 1179648K
  class space    used 12687K, committed 13056K, reserved 1048576K
}
Event: 7.197 GC heap after
{Heap after GC invocations=37 (full 0):
 garbage-first heap   total 248832K, used 94189K [0x0000000080000000, 0x0000000100000000)
  region size 1024K, 2 young (2048K), 2 survivors (2048K)
 Metaspace       used 91354K, committed 92096K, reserved 1179648K
  class space    used 12687K, committed 13056K, reserved 1048576K
}
Event: 7.797 GC heap before
{Heap before GC invocations=37 (full 0):
 garbage-first heap   total 248832K, used 193517K [0x0000000080000000, 0x0000000100000000)
  region size 1024K, 99 young (101376K), 2 survivors (2048K)
 Metaspace       used 93309K, committed 94144K, reserved 1179648K
  class space    used 12933K, committed 13312K, reserved 1048576K
}
Event: 7.801 GC heap after
{Heap after GC invocations=38 (full 0):
 garbage-first heap   total 248832K, used 108357K [0x0000000080000000, 0x0000000100000000)
  region size 1024K, 13 young (13312K), 13 survivors (13312K)
 Metaspace       used 93309K, committed 94144K, reserved 1179648K
  class space    used 12933K, committed 13312K, reserved 1048576K
}
Event: 8.321 GC heap before
{Heap before GC invocations=38 (full 0):
 garbage-first heap   total 248832K, used 193349K [0x0000000080000000, 0x0000000100000000)
  region size 1024K, 96 young (98304K), 13 survivors (13312K)
 Metaspace       used 94797K, committed 95872K, reserved 1179648K
  class space    used 13097K, committed 13568K, reserved 1048576K
}
Event: 8.327 GC heap after
{Heap after GC invocations=39 (full 0):
 garbage-first heap   total 248832K, used 122650K [0x0000000080000000, 0x0000000100000000)
  region size 1024K, 12 young (12288K), 12 survivors (12288K)
 Metaspace       used 94797K, committed 95872K, reserved 1179648K
  class space    used 13097K, committed 13568K, reserved 1048576K
}
Event: 8.788 GC heap before
{Heap before GC invocations=39 (full 0):
 garbage-first heap   total 248832K, used 194330K [0x0000000080000000, 0x0000000100000000)
  region size 1024K, 82 young (83968K), 12 survivors (12288K)
 Metaspace       used 100873K, committed 101824K, reserved 1179648K
  class space    used 13967K, committed 14400K, reserved 1048576K
}
Event: 8.792 GC heap after
{Heap after GC invocations=40 (full 0):
 garbage-first heap   total 248832K, used 128908K [0x0000000080000000, 0x0000000100000000)
  region size 1024K, 5 young (5120K), 5 survivors (5120K)
 Metaspace       used 100873K, committed 101824K, reserved 1179648K
  class space    used 13967K, committed 14400K, reserved 1048576K
}
Event: 9.138 GC heap before
{Heap before GC invocations=40 (full 0):
 garbage-first heap   total 248832K, used 198540K [0x0000000080000000, 0x0000000100000000)
  region size 1024K, 73 young (74752K), 5 survivors (5120K)
 Metaspace       used 104068K, committed 105152K, reserved 1179648K
  class space    used 14513K, committed 14976K, reserved 1048576K
}
Event: 9.142 GC heap after
{Heap after GC invocations=41 (full 0):
 garbage-first heap   total 248832K, used 135731K [0x0000000080000000, 0x0000000100000000)
  region size 1024K, 10 young (10240K), 10 survivors (10240K)
 Metaspace       used 104068K, committed 105152K, reserved 1179648K
  class space    used 14513K, committed 14976K, reserved 1048576K
}
Event: 9.327 GC heap before
{Heap before GC invocations=41 (full 0):
 garbage-first heap   total 248832K, used 199219K [0x0000000080000000, 0x0000000100000000)
  region size 1024K, 73 young (74752K), 10 survivors (10240K)
 Metaspace       used 104476K, committed 105600K, reserved 1179648K
  class space    used 14552K, committed 15040K, reserved 1048576K
}
Event: 9.330 GC heap after
{Heap after GC invocations=42 (full 0):
 garbage-first heap   total 248832K, used 139119K [0x0000000080000000, 0x0000000100000000)
  region size 1024K, 6 young (6144K), 6 survivors (6144K)
 Metaspace       used 104476K, committed 105600K, reserved 1179648K
  class space    used 14552K, committed 15040K, reserved 1048576K
}
Event: 9.516 GC heap before
{Heap before GC invocations=42 (full 0):
 garbage-first heap   total 248832K, used 201583K [0x0000000080000000, 0x0000000100000000)
  region size 1024K, 68 young (69632K), 6 survivors (6144K)
 Metaspace       used 104882K, committed 105984K, reserved 1179648K
  class space    used 14595K, committed 15104K, reserved 1048576K
}
Event: 9.518 GC heap after
{Heap after GC invocations=43 (full 0):
 garbage-first heap   total 248832K, used 141887K [0x0000000080000000, 0x0000000100000000)
  region size 1024K, 6 young (6144K), 6 survivors (6144K)
 Metaspace       used 104882K, committed 105984K, reserved 1179648K
  class space    used 14595K, committed 15104K, reserved 1048576K
}
Event: 9.733 GC heap before
{Heap before GC invocations=43 (full 0):
 garbage-first heap   total 248832K, used 202303K [0x0000000080000000, 0x0000000100000000)
  region size 1024K, 66 young (67584K), 6 survivors (6144K)
 Metaspace       used 105438K, committed 106560K, reserved 1179648K
  class space    used 14661K, committed 15168K, reserved 1048576K
}
Event: 9.736 GC heap after
{Heap after GC invocations=44 (full 0):
 garbage-first heap   total 248832K, used 144242K [0x0000000080000000, 0x0000000100000000)
  region size 1024K, 5 young (5120K), 5 survivors (5120K)
 Metaspace       used 105438K, committed 106560K, reserved 1179648K
  class space    used 14661K, committed 15168K, reserved 1048576K
}
Event: 210.656 GC heap before
{Heap before GC invocations=44 (full 0):
 garbage-first heap   total 248832K, used 220018K [0x0000000080000000, 0x0000000100000000)
  region size 1024K, 61 young (62464K), 5 survivors (5120K)
 Metaspace       used 109282K, committed 110464K, reserved 1179648K
  class space    used 15160K, committed 15680K, reserved 1048576K
}
Event: 210.660 GC heap after
{Heap after GC invocations=45 (full 0):
 garbage-first heap   total 248832K, used 165377K [0x0000000080000000, 0x0000000100000000)
  region size 1024K, 9 young (9216K), 9 survivors (9216K)
 Metaspace       used 109282K, committed 110464K, reserved 1179648K
  class space    used 15160K, committed 15680K, reserved 1048576K
}

