# JRE version: OpenJDK Runtime Environment (17.0.11) (build 17.0.11+0--11852314)
# Java VM: OpenJDK 64-Bit Server VM (17.0.11+0--11852314, mixed mode, tiered, compressed oops, compressed class ptrs, g1 gc, windows-amd64)
GC Precious Log:
 CPUs: 16 total, 16 available
 Memory: 16060M
 Large Page Support: Disabled
 NUMA Support: Disabled
 Compressed Oops: Enabled (32-bit)
 Heap Region Size: 1M
 Heap Min Capacity: 8M
 Heap Initial Capacity: 252M
 Heap Max Capacity: 2G
 Pre-touch: Disabled
 Parallel Workers: 13
 Concurrent Workers: 3
 Concurrent Refinement Workers: 13
 Periodic GC: Disabled
Heap:
 garbage-first heap   total 290816K, used 193642K [0x0000000080000000, 0x0000000100000000)
  region size 1024K, 7 young (7168K), 7 survivors (7168K)
 Metaspace       used 113607K, committed 114752K, reserved 1179648K
  class space    used 15378K, committed 15872K, reserved 1048576K
GC Heap History (20 events):
Event: 4.675 GC heap after
{Heap after GC invocations=32 (full 0):
 garbage-first heap   total 290816K, used 79318K [0x0000000080000000, 0x0000000100000000)
  region size 1024K, 1 young (1024K), 1 survivors (1024K)
 Metaspace       used 77377K, committed 78016K, reserved 1179648K
  class space    used 10478K, committed 10752K, reserved 1048576K
}
Event: 5.436 GC heap before
{Heap before GC invocations=32 (full 0):
 garbage-first heap   total 290816K, used 211414K [0x0000000080000000, 0x0000000100000000)
  region size 1024K, 125 young (128000K), 1 survivors (1024K)
 Metaspace       used 87100K, committed 87808K, reserved 1179648K
  class space    used 12079K, committed 12416K, reserved 1048576K
}
Event: 5.439 GC heap after
{Heap after GC invocations=33 (full 0):
 garbage-first heap   total 290816K, used 88805K [0x0000000080000000, 0x0000000100000000)
  region size 1024K, 7 young (7168K), 7 survivors (7168K)
 Metaspace       used 87100K, committed 87808K, reserved 1179648K
  class space    used 12079K, committed 12416K, reserved 1048576K
}
Event: 6.295 GC heap before
{Heap before GC invocations=33 (full 0):
 garbage-first heap   total 290816K, used 233189K [0x0000000080000000, 0x0000000100000000)
  region size 1024K, 148 young (151552K), 7 survivors (7168K)
 Metaspace       used 93132K, committed 93952K, reserved 1179648K
  class space    used 12906K, committed 13312K, reserved 1048576K
}
Event: 6.301 GC heap after
{Heap after GC invocations=34 (full 0):
 garbage-first heap   total 290816K, used 105195K [0x0000000080000000, 0x0000000100000000)
  region size 1024K, 19 young (19456K), 19 survivors (19456K)
 Metaspace       used 93132K, committed 93952K, reserved 1179648K
  class space    used 12906K, committed 13312K, reserved 1048576K
}
Event: 6.882 GC heap before
{Heap before GC invocations=34 (full 0):
 garbage-first heap   total 290816K, used 228075K [0x0000000080000000, 0x0000000100000000)
  region size 1024K, 139 young (142336K), 19 survivors (19456K)
 Metaspace       used 95102K, committed 96128K, reserved 1179648K
  class space    used 13146K, committed 13632K, reserved 1048576K
}
Event: 6.891 GC heap after
{Heap after GC invocations=35 (full 0):
 garbage-first heap   total 290816K, used 122963K [0x0000000080000000, 0x0000000100000000)
  region size 1024K, 18 young (18432K), 18 survivors (18432K)
 Metaspace       used 95102K, committed 96128K, reserved 1179648K
  class space    used 13146K, committed 13632K, reserved 1048576K
}
Event: 7.451 GC heap before
{Heap before GC invocations=35 (full 0):
 garbage-first heap   total 290816K, used 222291K [0x0000000080000000, 0x0000000100000000)
  region size 1024K, 115 young (117760K), 18 survivors (18432K)
 Metaspace       used 102624K, committed 103680K, reserved 1179648K
  class space    used 14239K, committed 14720K, reserved 1048576K
}
Event: 7.457 GC heap after
{Heap after GC invocations=36 (full 0):
 garbage-first heap   total 290816K, used 131340K [0x0000000080000000, 0x0000000100000000)
  region size 1024K, 8 young (8192K), 8 survivors (8192K)
 Metaspace       used 102624K, committed 103680K, reserved 1179648K
  class space    used 14239K, committed 14720K, reserved 1048576K
}
Event: 7.884 GC heap before
{Heap before GC invocations=36 (full 0):
 garbage-first heap   total 290816K, used 232716K [0x0000000080000000, 0x0000000100000000)
  region size 1024K, 103 young (105472K), 8 survivors (8192K)
 Metaspace       used 105872K, committed 107008K, reserved 1179648K
  class space    used 14657K, committed 15168K, reserved 1048576K
}
Event: 7.887 GC heap after
{Heap after GC invocations=37 (full 0):
 garbage-first heap   total 290816K, used 136989K [0x0000000080000000, 0x0000000100000000)
  region size 1024K, 13 young (13312K), 13 survivors (13312K)
 Metaspace       used 105872K, committed 107008K, reserved 1179648K
  class space    used 14657K, committed 15168K, reserved 1048576K
}
Event: 8.621 GC heap before
{Heap before GC invocations=37 (full 0):
 garbage-first heap   total 290816K, used 248605K [0x0000000080000000, 0x0000000100000000)
  region size 1024K, 106 young (108544K), 13 survivors (13312K)
 Metaspace       used 108137K, committed 109248K, reserved 1179648K
  class space    used 14854K, committed 15360K, reserved 1048576K
}
Event: 8.630 GC heap after
{Heap after GC invocations=38 (full 0):
 garbage-first heap   total 290816K, used 166020K [0x0000000080000000, 0x0000000100000000)
  region size 1024K, 14 young (14336K), 14 survivors (14336K)
 Metaspace       used 108137K, committed 109248K, reserved 1179648K
  class space    used 14854K, committed 15360K, reserved 1048576K
}
Event: 8.897 GC heap before
{Heap before GC invocations=38 (full 0):
 garbage-first heap   total 290816K, used 241796K [0x0000000080000000, 0x0000000100000000)
  region size 1024K, 72 young (73728K), 14 survivors (14336K)
 Metaspace       used 109075K, committed 110144K, reserved 1179648K
  class space    used 14948K, committed 15424K, reserved 1048576K
}
Event: 8.903 GC heap after
{Heap after GC invocations=39 (full 0):
 garbage-first heap   total 290816K, used 175519K [0x0000000080000000, 0x0000000100000000)
  region size 1024K, 8 young (8192K), 8 survivors (8192K)
 Metaspace       used 109075K, committed 110144K, reserved 1179648K
  class space    used 14948K, committed 15424K, reserved 1048576K
}
Event: 9.068 GC heap before
{Heap before GC invocations=39 (full 0):
 garbage-first heap   total 290816K, used 230815K [0x0000000080000000, 0x0000000100000000)
  region size 1024K, 63 young (64512K), 8 survivors (8192K)
 Metaspace       used 112363K, committed 113536K, reserved 1179648K
  class space    used 15273K, committed 15808K, reserved 1048576K
}
Event: 9.073 GC heap after
{Heap after GC invocations=40 (full 0):
 garbage-first heap   total 290816K, used 183709K [0x0000000080000000, 0x0000000100000000)
  region size 1024K, 8 young (8192K), 8 survivors (8192K)
 Metaspace       used 112363K, committed 113536K, reserved 1179648K
  class space    used 15273K, committed 15808K, reserved 1048576K
}
Event: 9.164 GC heap before
{Heap before GC invocations=40 (full 0):
 garbage-first heap   total 290816K, used 235933K [0x0000000080000000, 0x0000000100000000)
  region size 1024K, 60 young (61440K), 8 survivors (8192K)
 Metaspace       used 112688K, committed 113792K, reserved 1179648K
  class space    used 15289K, committed 15808K, reserved 1048576K
}
Event: 9.167 GC heap after
{Heap after GC invocations=41 (full 0):
 garbage-first heap   total 290816K, used 186310K [0x0000000080000000, 0x0000000100000000)
  region size 1024K, 4 young (4096K), 4 survivors (4096K)
 Metaspace       used 112688K, committed 113792K, reserved 1179648K
  class space    used 15289K, committed 15808K, reserved 1048576K
}
Event: 9.269 GC heap before
{Heap before GC invocations=41 (full 0):
 garbage-first heap   total 290816K, used 242630K [0x0000000080000000, 0x0000000100000000)
  region size 1024K, 56 young (57344K), 4 survivors (4096K)
 Metaspace       used 113607K, committed 114752K, reserved 1179648K
  class space    used 15378K, committed 15872K, reserved 1048576K
}

