# JRE version: OpenJDK Runtime Environment (17.0.11) (build 17.0.11+0--11852314)
# Java VM: OpenJDK 64-Bit Server VM (17.0.11+0--11852314, mixed mode, tiered, compressed oops, compressed class ptrs, g1 gc, windows-amd64)
GC Precious Log:
 CPUs: 16 total, 16 available
 Memory: 16060M
 Large Page Support: Disabled
 NUMA Support: Disabled
 Compressed Oops: Enabled (32-bit)
 Heap Region Size: 1M
 Heap Min Capacity: 8M
 Heap Initial Capacity: 252M
 Heap Max Capacity: 2G
 Pre-touch: Disabled
 Parallel Workers: 13
 Concurrent Workers: 3
 Concurrent Refinement Workers: 13
 Periodic GC: Disabled
Heap:
 garbage-first heap   total 373760K, used 310928K [0x0000000080000000, 0x0000000100000000)
  region size 1024K, 3 young (3072K), 3 survivors (3072K)
 Metaspace       used 143806K, committed 145152K, reserved 1179648K
  class space    used 19768K, committed 20352K, reserved 1048576K
GC Heap History (20 events):
Event: 802.298 GC heap after
{Heap after GC invocations=53 (full 0):
 garbage-first heap   total 373760K, used 268397K [0x0000000080000000, 0x0000000100000000)
  region size 1024K, 2 young (2048K), 2 survivors (2048K)
 Metaspace       used 141106K, committed 142400K, reserved 1179648K
  class space    used 19510K, committed 20096K, reserved 1048576K
}
Event: 802.397 GC heap before
{Heap before GC invocations=53 (full 0):
 garbage-first heap   total 373760K, used 313453K [0x0000000080000000, 0x0000000100000000)
  region size 1024K, 30 young (30720K), 2 survivors (2048K)
 Metaspace       used 141169K, committed 142464K, reserved 1179648K
  class space    used 19512K, committed 20096K, reserved 1048576K
}
Event: 802.400 GC heap after
{Heap after GC invocations=54 (full 0):
 garbage-first heap   total 373760K, used 273205K [0x0000000080000000, 0x0000000100000000)
  region size 1024K, 4 young (4096K), 4 survivors (4096K)
 Metaspace       used 141169K, committed 142464K, reserved 1179648K
  class space    used 19512K, committed 20096K, reserved 1048576K
}
Event: 802.569 GC heap before
{Heap before GC invocations=54 (full 0):
 garbage-first heap   total 373760K, used 301877K [0x0000000080000000, 0x0000000100000000)
  region size 1024K, 32 young (32768K), 4 survivors (4096K)
 Metaspace       used 142376K, committed 143680K, reserved 1179648K
  class space    used 19659K, committed 20224K, reserved 1048576K
}
Event: 802.571 GC heap after
{Heap after GC invocations=55 (full 0):
 garbage-first heap   total 373760K, used 275630K [0x0000000080000000, 0x0000000100000000)
  region size 1024K, 3 young (3072K), 3 survivors (3072K)
 Metaspace       used 142376K, committed 143680K, reserved 1179648K
  class space    used 19659K, committed 20224K, reserved 1048576K
}
Event: 803.217 GC heap before
{Heap before GC invocations=55 (full 0):
 garbage-first heap   total 373760K, used 304302K [0x0000000080000000, 0x0000000100000000)
  region size 1024K, 32 young (32768K), 3 survivors (3072K)
 Metaspace       used 142410K, committed 143680K, reserved 1179648K
  class space    used 19659K, committed 20224K, reserved 1048576K
}
Event: 803.219 GC heap after
{Heap after GC invocations=56 (full 0):
 garbage-first heap   total 373760K, used 280638K [0x0000000080000000, 0x0000000100000000)
  region size 1024K, 4 young (4096K), 4 survivors (4096K)
 Metaspace       used 142410K, committed 143680K, reserved 1179648K
  class space    used 19659K, committed 20224K, reserved 1048576K
}
Event: 803.328 GC heap before
{Heap before GC invocations=56 (full 0):
 garbage-first heap   total 373760K, used 311358K [0x0000000080000000, 0x0000000100000000)
  region size 1024K, 33 young (33792K), 4 survivors (4096K)
 Metaspace       used 142534K, committed 143808K, reserved 1179648K
  class space    used 19665K, committed 20224K, reserved 1048576K
}
Event: 803.332 GC heap after
{Heap after GC invocations=57 (full 0):
 garbage-first heap   total 373760K, used 288529K [0x0000000080000000, 0x0000000100000000)
  region size 1024K, 5 young (5120K), 5 survivors (5120K)
 Metaspace       used 142534K, committed 143808K, reserved 1179648K
  class space    used 19665K, committed 20224K, reserved 1048576K
}
Event: 803.442 GC heap before
{Heap before GC invocations=57 (full 0):
 garbage-first heap   total 373760K, used 314129K [0x0000000080000000, 0x0000000100000000)
  region size 1024K, 30 young (30720K), 5 survivors (5120K)
 Metaspace       used 142920K, committed 144192K, reserved 1179648K
  class space    used 19700K, committed 20288K, reserved 1048576K
}
Event: 803.446 GC heap after
{Heap after GC invocations=58 (full 0):
 garbage-first heap   total 373760K, used 294563K [0x0000000080000000, 0x0000000100000000)
  region size 1024K, 4 young (4096K), 4 survivors (4096K)
 Metaspace       used 142920K, committed 144192K, reserved 1179648K
  class space    used 19700K, committed 20288K, reserved 1048576K
}
Event: 803.588 GC heap before
{Heap before GC invocations=58 (full 0):
 garbage-first heap   total 373760K, used 328355K [0x0000000080000000, 0x0000000100000000)
  region size 1024K, 26 young (26624K), 4 survivors (4096K)
 Metaspace       used 143586K, committed 144896K, reserved 1179648K
  class space    used 19764K, committed 20352K, reserved 1048576K
}
Event: 803.590 GC heap after
{Heap after GC invocations=59 (full 0):
 garbage-first heap   total 373760K, used 295782K [0x0000000080000000, 0x0000000100000000)
  region size 1024K, 1 young (1024K), 1 survivors (1024K)
 Metaspace       used 143586K, committed 144896K, reserved 1179648K
  class space    used 19764K, committed 20352K, reserved 1048576K
}
Event: 953.202 GC heap before
{Heap before GC invocations=59 (full 0):
 garbage-first heap   total 373760K, used 319334K [0x0000000080000000, 0x0000000100000000)
  region size 1024K, 24 young (24576K), 1 survivors (1024K)
 Metaspace       used 143651K, committed 144896K, reserved 1179648K
  class space    used 19766K, committed 20352K, reserved 1048576K
}
Event: 953.203 GC heap after
{Heap after GC invocations=60 (full 0):
 garbage-first heap   total 373760K, used 296141K [0x0000000080000000, 0x0000000100000000)
  region size 1024K, 2 young (2048K), 2 survivors (2048K)
 Metaspace       used 143651K, committed 144896K, reserved 1179648K
  class space    used 19766K, committed 20352K, reserved 1048576K
}
Event: 953.299 GC heap before
{Heap before GC invocations=60 (full 0):
 garbage-first heap   total 373760K, used 320717K [0x0000000080000000, 0x0000000100000000)
  region size 1024K, 26 young (26624K), 2 survivors (2048K)
 Metaspace       used 143700K, committed 144960K, reserved 1179648K
  class space    used 19766K, committed 20352K, reserved 1048576K
}
Event: 953.301 GC heap after
{Heap after GC invocations=61 (full 0):
 garbage-first heap   total 373760K, used 299882K [0x0000000080000000, 0x0000000100000000)
  region size 1024K, 4 young (4096K), 4 survivors (4096K)
 Metaspace       used 143700K, committed 144960K, reserved 1179648K
  class space    used 19766K, committed 20352K, reserved 1048576K
}
Event: 953.396 GC heap before
{Heap before GC invocations=61 (full 0):
 garbage-first heap   total 373760K, used 323434K [0x0000000080000000, 0x0000000100000000)
  region size 1024K, 27 young (27648K), 4 survivors (4096K)
 Metaspace       used 143735K, committed 145024K, reserved 1179648K
  class space    used 19768K, committed 20352K, reserved 1048576K
}
Event: 953.399 GC heap after
{Heap after GC invocations=62 (full 0):
 garbage-first heap   total 373760K, used 305485K [0x0000000080000000, 0x0000000100000000)
  region size 1024K, 4 young (4096K), 4 survivors (4096K)
 Metaspace       used 143735K, committed 145024K, reserved 1179648K
  class space    used 19768K, committed 20352K, reserved 1048576K
}
Event: 953.464 GC heap before
{Heap before GC invocations=62 (full 0):
 garbage-first heap   total 373760K, used 323917K [0x0000000080000000, 0x0000000100000000)
  region size 1024K, 22 young (22528K), 4 survivors (4096K)
 Metaspace       used 143806K, committed 145152K, reserved 1179648K
  class space    used 19768K, committed 20352K, reserved 1048576K
}

