# JRE version: OpenJDK Runtime Environment (17.0.11) (build 17.0.11+0--11852314)
# Java VM: OpenJDK 64-Bit Server VM (17.0.11+0--11852314, mixed mode, tiered, compressed oops, compressed class ptrs, g1 gc, windows-amd64)
GC Precious Log:
 CPUs: 16 total, 16 available
 Memory: 16060M
 Large Page Support: Disabled
 NUMA Support: Disabled
 Compressed Oops: Enabled (32-bit)
 Heap Region Size: 1M
 Heap Min Capacity: 8M
 Heap Initial Capacity: 252M
 Heap Max Capacity: 2G
 Pre-touch: Disabled
 Parallel Workers: 13
 Concurrent Workers: 3
 Concurrent Refinement Workers: 13
 Periodic GC: Disabled
Heap:
 garbage-first heap   total 225280K, used 133900K [0x0000000080000000, 0x0000000100000000)
  region size 1024K, 26 young (26624K), 4 survivors (4096K)
 Metaspace       used 104728K, committed 105600K, reserved 1179648K
  class space    used 14524K, committed 14912K, reserved 1048576K
GC Heap History (20 events):
Event: 7.680 GC heap before
{Heap before GC invocations=34 (full 0):
 garbage-first heap   total 168960K, used 139928K [0x0000000080000000, 0x0000000100000000)
  region size 1024K, 47 young (48128K), 5 survivors (5120K)
 Metaspace       used 92318K, committed 93056K, reserved 1179648K
  class space    used 12774K, committed 13120K, reserved 1048576K
}
Event: 7.684 GC heap after
{Heap after GC invocations=35 (full 0):
 garbage-first heap   total 168960K, used 104594K [0x0000000080000000, 0x0000000100000000)
  region size 1024K, 6 young (6144K), 6 survivors (6144K)
 Metaspace       used 92318K, committed 93056K, reserved 1179648K
  class space    used 12774K, committed 13120K, reserved 1048576K
}
Event: 7.943 GC heap before
{Heap before GC invocations=35 (full 0):
 garbage-first heap   total 168960K, used 137362K [0x0000000080000000, 0x0000000100000000)
  region size 1024K, 38 young (38912K), 6 survivors (6144K)
 Metaspace       used 94090K, committed 94976K, reserved 1179648K
  class space    used 12982K, committed 13376K, reserved 1048576K
}
Event: 7.946 GC heap after
{Heap after GC invocations=36 (full 0):
 garbage-first heap   total 168960K, used 110258K [0x0000000080000000, 0x0000000100000000)
  region size 1024K, 5 young (5120K), 5 survivors (5120K)
 Metaspace       used 94090K, committed 94976K, reserved 1179648K
  class space    used 12982K, committed 13376K, reserved 1048576K
}
Event: 8.185 GC heap before
{Heap before GC invocations=36 (full 0):
 garbage-first heap   total 168960K, used 138930K [0x0000000080000000, 0x0000000100000000)
  region size 1024K, 33 young (33792K), 5 survivors (5120K)
 Metaspace       used 96373K, committed 97216K, reserved 1179648K
  class space    used 13389K, committed 13760K, reserved 1048576K
}
Event: 8.187 GC heap after
{Heap after GC invocations=37 (full 0):
 garbage-first heap   total 168960K, used 112766K [0x0000000080000000, 0x0000000100000000)
  region size 1024K, 3 young (3072K), 3 survivors (3072K)
 Metaspace       used 96373K, committed 97216K, reserved 1179648K
  class space    used 13389K, committed 13760K, reserved 1048576K
}
Event: 8.252 GC heap before
{Heap before GC invocations=37 (full 0):
 garbage-first heap   total 168960K, used 125054K [0x0000000080000000, 0x0000000100000000)
  region size 1024K, 17 young (17408K), 3 survivors (3072K)
 Metaspace       used 97500K, committed 98368K, reserved 1179648K
  class space    used 13616K, committed 14016K, reserved 1048576K
}
Event: 8.253 GC heap after
{Heap after GC invocations=38 (full 0):
 garbage-first heap   total 168960K, used 113603K [0x0000000080000000, 0x0000000100000000)
  region size 1024K, 4 young (4096K), 4 survivors (4096K)
 Metaspace       used 97500K, committed 98368K, reserved 1179648K
  class space    used 13616K, committed 14016K, reserved 1048576K
}
Event: 8.413 GC heap before
{Heap before GC invocations=39 (full 0):
 garbage-first heap   total 199680K, used 140227K [0x0000000080000000, 0x0000000100000000)
  region size 1024K, 31 young (31744K), 4 survivors (4096K)
 Metaspace       used 99554K, committed 100416K, reserved 1179648K
  class space    used 13844K, committed 14272K, reserved 1048576K
}
Event: 8.415 GC heap after
{Heap after GC invocations=40 (full 0):
 garbage-first heap   total 199680K, used 113988K [0x0000000080000000, 0x0000000100000000)
  region size 1024K, 2 young (2048K), 2 survivors (2048K)
 Metaspace       used 99554K, committed 100416K, reserved 1179648K
  class space    used 13844K, committed 14272K, reserved 1048576K
}
Event: 8.434 GC heap before
{Heap before GC invocations=40 (full 0):
 garbage-first heap   total 199680K, used 121156K [0x0000000080000000, 0x0000000100000000)
  region size 1024K, 9 young (9216K), 2 survivors (2048K)
 Metaspace       used 99702K, committed 100608K, reserved 1179648K
  class space    used 13844K, committed 14272K, reserved 1048576K
}
Event: 8.435 GC heap after
{Heap after GC invocations=41 (full 0):
 garbage-first heap   total 199680K, used 111878K [0x0000000080000000, 0x0000000100000000)
  region size 1024K, 1 young (1024K), 1 survivors (1024K)
 Metaspace       used 99702K, committed 100608K, reserved 1179648K
  class space    used 13844K, committed 14272K, reserved 1048576K
}
Event: 8.514 GC heap before
{Heap before GC invocations=41 (full 0):
 garbage-first heap   total 199680K, used 165126K [0x0000000080000000, 0x0000000100000000)
  region size 1024K, 52 young (53248K), 1 survivors (1024K)
 Metaspace       used 99876K, committed 100736K, reserved 1179648K
  class space    used 13844K, committed 14272K, reserved 1048576K
}
Event: 8.515 GC heap after
{Heap after GC invocations=42 (full 0):
 garbage-first heap   total 199680K, used 112497K [0x0000000080000000, 0x0000000100000000)
  region size 1024K, 2 young (2048K), 2 survivors (2048K)
 Metaspace       used 99876K, committed 100736K, reserved 1179648K
  class space    used 13844K, committed 14272K, reserved 1048576K
}
Event: 8.611 GC heap before
{Heap before GC invocations=43 (full 0):
 garbage-first heap   total 225280K, used 165745K [0x0000000080000000, 0x0000000100000000)
  region size 1024K, 54 young (55296K), 2 survivors (2048K)
 Metaspace       used 99981K, committed 100864K, reserved 1179648K
  class space    used 13843K, committed 14272K, reserved 1048576K
}
Event: 8.612 GC heap after
{Heap after GC invocations=44 (full 0):
 garbage-first heap   total 225280K, used 112041K [0x0000000080000000, 0x0000000100000000)
  region size 1024K, 1 young (1024K), 1 survivors (1024K)
 Metaspace       used 99981K, committed 100864K, reserved 1179648K
  class space    used 13843K, committed 14272K, reserved 1048576K
}
Event: 8.627 GC heap before
{Heap before GC invocations=44 (full 0):
 garbage-first heap   total 225280K, used 121257K [0x0000000080000000, 0x0000000100000000)
  region size 1024K, 11 young (11264K), 1 survivors (1024K)
 Metaspace       used 99990K, committed 100864K, reserved 1179648K
  class space    used 13843K, committed 14272K, reserved 1048576K
}
Event: 8.629 GC heap after
{Heap after GC invocations=45 (full 0):
 garbage-first heap   total 225280K, used 110376K [0x0000000080000000, 0x0000000100000000)
  region size 1024K, 1 young (1024K), 1 survivors (1024K)
 Metaspace       used 99990K, committed 100864K, reserved 1179648K
  class space    used 13843K, committed 14272K, reserved 1048576K
}
Event: 8.943 GC heap before
{Heap before GC invocations=45 (full 0):
 garbage-first heap   total 225280K, used 187176K [0x0000000080000000, 0x0000000100000000)
  region size 1024K, 77 young (78848K), 1 survivors (1024K)
 Metaspace       used 102478K, committed 103424K, reserved 1179648K
  class space    used 14173K, committed 14592K, reserved 1048576K
}
Event: 8.945 GC heap after
{Heap after GC invocations=46 (full 0):
 garbage-first heap   total 225280K, used 113420K [0x0000000080000000, 0x0000000100000000)
  region size 1024K, 4 young (4096K), 4 survivors (4096K)
 Metaspace       used 102478K, committed 103424K, reserved 1179648K
  class space    used 14173K, committed 14592K, reserved 1048576K
}

