# JRE version: OpenJDK Runtime Environment (17.0.11) (build 17.0.11+0--11852314)
# Java VM: OpenJDK 64-Bit Server VM (17.0.11+0--11852314, mixed mode, tiered, compressed oops, compressed class ptrs, g1 gc, windows-amd64)
GC Precious Log:
 CPUs: 16 total, 16 available
 Memory: 16060M
 Large Page Support: Disabled
 NUMA Support: Disabled
 Compressed Oops: Enabled (32-bit)
 Heap Region Size: 1M
 Heap Min Capacity: 8M
 Heap Initial Capacity: 252M
 Heap Max Capacity: 2G
 Pre-touch: Disabled
 Parallel Workers: 13
 Concurrent Workers: 3
 Concurrent Refinement Workers: 13
 Periodic GC: Disabled
Heap:
 garbage-first heap   total 488448K, used 375101K [0x0000000080000000, 0x0000000100000000)
  region size 1024K, 217 young (222208K), 30 survivors (30720K)
 Metaspace       used 132863K, committed 133952K, reserved 1179648K
  class space    used 18103K, committed 18624K, reserved 1048576K
GC Heap History (20 events):
Event: 3.471 GC heap before
{Heap before GC invocations=29 (full 0):
 garbage-first heap   total 169984K, used 106912K [0x0000000080000000, 0x0000000100000000)
  region size 1024K, 27 young (27648K), 1 survivors (1024K)
 Metaspace       used 62865K, committed 63552K, reserved 1114112K
  class space    used 8524K, committed 8832K, reserved 1048576K
}
Event: 3.473 GC heap after
{Heap after GC invocations=30 (full 0):
 garbage-first heap   total 169984K, used 83815K [0x0000000080000000, 0x0000000100000000)
  region size 1024K, 4 young (4096K), 4 survivors (4096K)
 Metaspace       used 62865K, committed 63552K, reserved 1114112K
  class space    used 8524K, committed 8832K, reserved 1048576K
}
Event: 3.652 GC heap before
{Heap before GC invocations=31 (full 0):
 garbage-first heap   total 169984K, used 142183K [0x0000000080000000, 0x0000000100000000)
  region size 1024K, 49 young (50176K), 4 survivors (4096K)
 Metaspace       used 65600K, committed 66304K, reserved 1114112K
  class space    used 8898K, committed 9216K, reserved 1048576K
}
Event: 3.655 GC heap after
{Heap after GC invocations=32 (full 0):
 garbage-first heap   total 169984K, used 103550K [0x0000000080000000, 0x0000000100000000)
  region size 1024K, 7 young (7168K), 7 survivors (7168K)
 Metaspace       used 65600K, committed 66304K, reserved 1114112K
  class space    used 8898K, committed 9216K, reserved 1048576K
}
Event: 3.659 GC heap before
{Heap before GC invocations=32 (full 0):
 garbage-first heap   total 169984K, used 104574K [0x0000000080000000, 0x0000000100000000)
  region size 1024K, 8 young (8192K), 7 survivors (7168K)
 Metaspace       used 65681K, committed 66368K, reserved 1114112K
  class space    used 8912K, committed 9216K, reserved 1048576K
}
Event: 3.662 GC heap after
{Heap after GC invocations=33 (full 0):
 garbage-first heap   total 169984K, used 102204K [0x0000000080000000, 0x0000000100000000)
  region size 1024K, 1 young (1024K), 1 survivors (1024K)
 Metaspace       used 65681K, committed 66368K, reserved 1114112K
  class space    used 8912K, committed 9216K, reserved 1048576K
}
Event: 3.810 GC heap before
{Heap before GC invocations=33 (full 0):
 garbage-first heap   total 169984K, used 134972K [0x0000000080000000, 0x0000000100000000)
  region size 1024K, 34 young (34816K), 1 survivors (1024K)
 Metaspace       used 69068K, committed 69824K, reserved 1114112K
  class space    used 9281K, committed 9600K, reserved 1048576K
}
Event: 3.812 GC heap after
{Heap after GC invocations=34 (full 0):
 garbage-first heap   total 169984K, used 102555K [0x0000000080000000, 0x0000000100000000)
  region size 1024K, 1 young (1024K), 1 survivors (1024K)
 Metaspace       used 69068K, committed 69824K, reserved 1114112K
  class space    used 9281K, committed 9600K, reserved 1048576K
}
Event: 4.006 GC heap before
{Heap before GC invocations=35 (full 0):
 garbage-first heap   total 178176K, used 142491K [0x0000000080000000, 0x0000000100000000)
  region size 1024K, 36 young (36864K), 1 survivors (1024K)
 Metaspace       used 72192K, committed 72960K, reserved 1114112K
  class space    used 9727K, committed 10048K, reserved 1048576K
}
Event: 4.008 GC heap after
{Heap after GC invocations=36 (full 0):
 garbage-first heap   total 178176K, used 106803K [0x0000000080000000, 0x0000000100000000)
  region size 1024K, 5 young (5120K), 5 survivors (5120K)
 Metaspace       used 72192K, committed 72960K, reserved 1114112K
  class space    used 9727K, committed 10048K, reserved 1048576K
}
Event: 4.023 GC heap before
{Heap before GC invocations=36 (full 0):
 garbage-first heap   total 178176K, used 110899K [0x0000000080000000, 0x0000000100000000)
  region size 1024K, 8 young (8192K), 5 survivors (5120K)
 Metaspace       used 72365K, committed 73024K, reserved 1114112K
  class space    used 9762K, committed 10048K, reserved 1048576K
}
Event: 4.024 GC heap after
{Heap after GC invocations=37 (full 0):
 garbage-first heap   total 178176K, used 107796K [0x0000000080000000, 0x0000000100000000)
  region size 1024K, 1 young (1024K), 1 survivors (1024K)
 Metaspace       used 72365K, committed 73024K, reserved 1114112K
  class space    used 9762K, committed 10048K, reserved 1048576K
}
Event: 4.210 GC heap before
{Heap before GC invocations=37 (full 0):
 garbage-first heap   total 178176K, used 145684K [0x0000000080000000, 0x0000000100000000)
  region size 1024K, 38 young (38912K), 1 survivors (1024K)
 Metaspace       used 75134K, committed 75840K, reserved 1179648K
  class space    used 10129K, committed 10432K, reserved 1048576K
}
Event: 4.213 GC heap after
{Heap after GC invocations=38 (full 0):
 garbage-first heap   total 488448K, used 109024K [0x0000000080000000, 0x0000000100000000)
  region size 1024K, 2 young (2048K), 2 survivors (2048K)
 Metaspace       used 75134K, committed 75840K, reserved 1179648K
  class space    used 10129K, committed 10432K, reserved 1048576K
}
Event: 5.334 GC heap before
{Heap before GC invocations=38 (full 0):
 garbage-first heap   total 488448K, used 344544K [0x0000000080000000, 0x0000000100000000)
  region size 1024K, 225 young (230400K), 2 survivors (2048K)
 Metaspace       used 92382K, committed 93184K, reserved 1179648K
  class space    used 12738K, committed 13120K, reserved 1048576K
}
Event: 5.339 GC heap after
{Heap after GC invocations=39 (full 0):
 garbage-first heap   total 488448K, used 127264K [0x0000000080000000, 0x0000000100000000)
  region size 1024K, 14 young (14336K), 14 survivors (14336K)
 Metaspace       used 92382K, committed 93184K, reserved 1179648K
  class space    used 12738K, committed 13120K, reserved 1048576K
}
Event: 6.690 GC heap before
{Heap before GC invocations=39 (full 0):
 garbage-first heap   total 488448K, used 377120K [0x0000000080000000, 0x0000000100000000)
  region size 1024K, 258 young (264192K), 14 survivors (14336K)
 Metaspace       used 109265K, committed 110272K, reserved 1179648K
  class space    used 15419K, committed 15872K, reserved 1048576K
}
Event: 6.702 GC heap after
{Heap after GC invocations=40 (full 0):
 garbage-first heap   total 488448K, used 146383K [0x0000000080000000, 0x0000000100000000)
  region size 1024K, 33 young (33792K), 33 survivors (33792K)
 Metaspace       used 109265K, committed 110272K, reserved 1179648K
  class space    used 15419K, committed 15872K, reserved 1048576K
}
Event: 7.121 GC heap before
{Heap before GC invocations=40 (full 0):
 garbage-first heap   total 488448K, used 290767K [0x0000000080000000, 0x0000000100000000)
  region size 1024K, 168 young (172032K), 33 survivors (33792K)
 Metaspace       used 115686K, committed 116736K, reserved 1179648K
  class space    used 16170K, committed 16704K, reserved 1048576K
}
Event: 7.136 GC heap after
{Heap after GC invocations=41 (full 0):
 garbage-first heap   total 488448K, used 176445K [0x0000000080000000, 0x0000000100000000)
  region size 1024K, 30 young (30720K), 30 survivors (30720K)
 Metaspace       used 115686K, committed 116736K, reserved 1179648K
  class space    used 16170K, committed 16704K, reserved 1048576K
}

