# JRE version: OpenJDK Runtime Environment (17.0.11) (build 17.0.11+0--11852314)
# Java VM: OpenJDK 64-Bit Server VM (17.0.11+0--11852314, mixed mode, tiered, compressed oops, compressed class ptrs, g1 gc, windows-amd64)
GC Precious Log:
 CPUs: 16 total, 16 available
 Memory: 16060M
 Large Page Support: Disabled
 NUMA Support: Disabled
 Compressed Oops: Enabled (32-bit)
 Heap Region Size: 1M
 Heap Min Capacity: 8M
 Heap Initial Capacity: 252M
 Heap Max Capacity: 2G
 Pre-touch: Disabled
 Parallel Workers: 13
 Concurrent Workers: 3
 Concurrent Refinement Workers: 13
 Periodic GC: Disabled
Heap:
 garbage-first heap   total 182272K, used 140591K [0x0000000080000000, 0x0000000100000000)
  region size 1024K, 71 young (72704K), 9 survivors (9216K)
 Metaspace       used 81960K, committed 82496K, reserved 1179648K
  class space    used 11026K, committed 11264K, reserved 1048576K
GC Heap History (20 events):
Event: 2.494 GC heap before
{Heap before GC invocations=11 (full 0):
 garbage-first heap   total 99328K, used 74834K [0x0000000080000000, 0x0000000100000000)
  region size 1024K, 46 young (47104K), 3 survivors (3072K)
 Metaspace       used 47720K, committed 48256K, reserved 1114112K
  class space    used 6492K, committed 6720K, reserved 1048576K
}
Event: 2.497 GC heap after
{Heap after GC invocations=12 (full 0):
 garbage-first heap   total 99328K, used 33511K [0x0000000080000000, 0x0000000100000000)
  region size 1024K, 5 young (5120K), 5 survivors (5120K)
 Metaspace       used 47720K, committed 48256K, reserved 1114112K
  class space    used 6492K, committed 6720K, reserved 1048576K
}
Event: 2.827 GC heap before
{Heap before GC invocations=12 (full 0):
 garbage-first heap   total 99328K, used 77543K [0x0000000080000000, 0x0000000100000000)
  region size 1024K, 47 young (48128K), 5 survivors (5120K)
 Metaspace       used 53691K, committed 54144K, reserved 1114112K
  class space    used 7340K, committed 7552K, reserved 1048576K
}
Event: 2.829 GC heap after
{Heap after GC invocations=13 (full 0):
 garbage-first heap   total 99328K, used 36371K [0x0000000080000000, 0x0000000100000000)
  region size 1024K, 6 young (6144K), 6 survivors (6144K)
 Metaspace       used 53691K, committed 54144K, reserved 1114112K
  class space    used 7340K, committed 7552K, reserved 1048576K
}
Event: 3.128 GC heap before
{Heap before GC invocations=13 (full 0):
 garbage-first heap   total 99328K, used 71187K [0x0000000080000000, 0x0000000100000000)
  region size 1024K, 41 young (41984K), 6 survivors (6144K)
 Metaspace       used 59822K, committed 60288K, reserved 1114112K
  class space    used 8120K, committed 8320K, reserved 1048576K
}
Event: 3.132 GC heap after
{Heap after GC invocations=14 (full 0):
 garbage-first heap   total 99328K, used 39677K [0x0000000080000000, 0x0000000100000000)
  region size 1024K, 6 young (6144K), 6 survivors (6144K)
 Metaspace       used 59822K, committed 60288K, reserved 1114112K
  class space    used 8120K, committed 8320K, reserved 1048576K
}
Event: 5.701 GC heap before
{Heap before GC invocations=15 (full 0):
 garbage-first heap   total 99328K, used 76541K [0x0000000080000000, 0x0000000100000000)
  region size 1024K, 43 young (44032K), 6 survivors (6144K)
 Metaspace       used 63722K, committed 64192K, reserved 1114112K
  class space    used 8607K, committed 8832K, reserved 1048576K
}
Event: 5.705 GC heap after
{Heap after GC invocations=16 (full 0):
 garbage-first heap   total 99328K, used 45567K [0x0000000080000000, 0x0000000100000000)
  region size 1024K, 6 young (6144K), 6 survivors (6144K)
 Metaspace       used 63722K, committed 64192K, reserved 1114112K
  class space    used 8607K, committed 8832K, reserved 1048576K
}
Event: 5.712 GC heap before
{Heap before GC invocations=16 (full 0):
 garbage-first heap   total 99328K, used 46591K [0x0000000080000000, 0x0000000100000000)
  region size 1024K, 7 young (7168K), 6 survivors (6144K)
 Metaspace       used 63762K, committed 64256K, reserved 1114112K
  class space    used 8611K, committed 8832K, reserved 1048576K
}
Event: 5.713 GC heap after
{Heap after GC invocations=17 (full 0):
 garbage-first heap   total 99328K, used 45896K [0x0000000080000000, 0x0000000100000000)
  region size 1024K, 1 young (1024K), 1 survivors (1024K)
 Metaspace       used 63762K, committed 64256K, reserved 1114112K
  class space    used 8611K, committed 8832K, reserved 1048576K
}
Event: 5.809 GC heap before
{Heap before GC invocations=17 (full 0):
 garbage-first heap   total 99328K, used 75592K [0x0000000080000000, 0x0000000100000000)
  region size 1024K, 31 young (31744K), 1 survivors (1024K)
 Metaspace       used 64215K, committed 64704K, reserved 1114112K
  class space    used 8644K, committed 8896K, reserved 1048576K
}
Event: 5.810 GC heap after
{Heap after GC invocations=18 (full 0):
 garbage-first heap   total 99328K, used 48480K [0x0000000080000000, 0x0000000100000000)
  region size 1024K, 4 young (4096K), 4 survivors (4096K)
 Metaspace       used 64215K, committed 64704K, reserved 1114112K
  class space    used 8644K, committed 8896K, reserved 1048576K
}
Event: 6.035 GC heap before
{Heap before GC invocations=19 (full 0):
 garbage-first heap   total 99328K, used 86368K [0x0000000080000000, 0x0000000100000000)
  region size 1024K, 31 young (31744K), 4 survivors (4096K)
 Metaspace       used 65589K, committed 66112K, reserved 1114112K
  class space    used 8852K, committed 9088K, reserved 1048576K
}
Event: 6.037 GC heap after
{Heap after GC invocations=20 (full 0):
 garbage-first heap   total 100352K, used 66385K [0x0000000080000000, 0x0000000100000000)
  region size 1024K, 4 young (4096K), 4 survivors (4096K)
 Metaspace       used 65589K, committed 66112K, reserved 1114112K
  class space    used 8852K, committed 9088K, reserved 1048576K
}
Event: 6.043 GC heap before
{Heap before GC invocations=20 (full 0):
 garbage-first heap   total 100352K, used 67409K [0x0000000080000000, 0x0000000100000000)
  region size 1024K, 5 young (5120K), 4 survivors (4096K)
 Metaspace       used 65653K, committed 66176K, reserved 1114112K
  class space    used 8858K, committed 9088K, reserved 1048576K
}
Event: 6.045 GC heap after
{Heap after GC invocations=21 (full 0):
 garbage-first heap   total 182272K, used 65459K [0x0000000080000000, 0x0000000100000000)
  region size 1024K, 1 young (1024K), 1 survivors (1024K)
 Metaspace       used 65653K, committed 66176K, reserved 1114112K
  class space    used 8858K, committed 9088K, reserved 1048576K
}
Event: 6.538 GC heap before
{Heap before GC invocations=21 (full 0):
 garbage-first heap   total 182272K, used 139187K [0x0000000080000000, 0x0000000100000000)
  region size 1024K, 72 young (73728K), 1 survivors (1024K)
 Metaspace       used 72512K, committed 73088K, reserved 1114112K
  class space    used 9738K, committed 9984K, reserved 1048576K
}
Event: 6.540 GC heap after
{Heap after GC invocations=22 (full 0):
 garbage-first heap   total 182272K, used 69064K [0x0000000080000000, 0x0000000100000000)
  region size 1024K, 3 young (3072K), 3 survivors (3072K)
 Metaspace       used 72512K, committed 73088K, reserved 1114112K
  class space    used 9738K, committed 9984K, reserved 1048576K
}
Event: 6.900 GC heap before
{Heap before GC invocations=22 (full 0):
 garbage-first heap   total 182272K, used 145864K [0x0000000080000000, 0x0000000100000000)
  region size 1024K, 73 young (74752K), 3 survivors (3072K)
 Metaspace       used 76938K, committed 77568K, reserved 1179648K
  class space    used 10337K, committed 10624K, reserved 1048576K
}
Event: 6.904 GC heap after
{Heap after GC invocations=23 (full 0):
 garbage-first heap   total 182272K, used 76079K [0x0000000080000000, 0x0000000100000000)
  region size 1024K, 9 young (9216K), 9 survivors (9216K)
 Metaspace       used 76938K, committed 77568K, reserved 1179648K
  class space    used 10337K, committed 10624K, reserved 1048576K
}

