# JRE version: OpenJDK Runtime Environment (17.0.11) (build 17.0.11+0--11852314)
# Java VM: OpenJDK 64-Bit Server VM (17.0.11+0--11852314, mixed mode, tiered, compressed oops, compressed class ptrs, g1 gc, windows-amd64)
GC Precious Log:
 CPUs: 16 total, 16 available
 Memory: 16060M
 Large Page Support: Disabled
 NUMA Support: Disabled
 Compressed Oops: Enabled (32-bit)
 Heap Region Size: 1M
 Heap Min Capacity: 8M
 Heap Initial Capacity: 252M
 Heap Max Capacity: 2G
 Pre-touch: Disabled
 Parallel Workers: 13
 Concurrent Workers: 3
 Concurrent Refinement Workers: 13
 Periodic GC: Disabled
Heap:
 garbage-first heap   total 275456K, used 175971K [0x0000000080000000, 0x0000000100000000)
  region size 1024K, 8 young (8192K), 8 survivors (8192K)
 Metaspace       used 114027K, committed 115136K, reserved 1179648K
  class space    used 16013K, committed 16512K, reserved 1048576K
GC Heap History (20 events):
Event: 5.458 GC heap after
{Heap after GC invocations=41 (full 0):
 garbage-first heap   total 222208K, used 126806K [0x0000000080000000, 0x0000000100000000)
  region size 1024K, 5 young (5120K), 5 survivors (5120K)
 Metaspace       used 92340K, committed 93056K, reserved 1179648K
  class space    used 12736K, committed 13056K, reserved 1048576K
}
Event: 5.724 GC heap before
{Heap before GC invocations=41 (full 0):
 garbage-first heap   total 222208K, used 184150K [0x0000000080000000, 0x0000000100000000)
  region size 1024K, 61 young (62464K), 5 survivors (5120K)
 Metaspace       used 95306K, committed 96000K, reserved 1179648K
  class space    used 13169K, committed 13504K, reserved 1048576K
}
Event: 5.727 GC heap after
{Heap after GC invocations=42 (full 0):
 garbage-first heap   total 222208K, used 131384K [0x0000000080000000, 0x0000000100000000)
  region size 1024K, 5 young (5120K), 5 survivors (5120K)
 Metaspace       used 95306K, committed 96000K, reserved 1179648K
  class space    used 13169K, committed 13504K, reserved 1048576K
}
Event: 6.130 GC heap before
{Heap before GC invocations=42 (full 0):
 garbage-first heap   total 222208K, used 183608K [0x0000000080000000, 0x0000000100000000)
  region size 1024K, 56 young (57344K), 5 survivors (5120K)
 Metaspace       used 96542K, committed 97408K, reserved 1179648K
  class space    used 13315K, committed 13696K, reserved 1048576K
}
Event: 6.134 GC heap after
{Heap after GC invocations=43 (full 0):
 garbage-first heap   total 222208K, used 140319K [0x0000000080000000, 0x0000000100000000)
  region size 1024K, 7 young (7168K), 7 survivors (7168K)
 Metaspace       used 96542K, committed 97408K, reserved 1179648K
  class space    used 13315K, committed 13696K, reserved 1048576K
}
Event: 6.284 GC heap before
{Heap before GC invocations=44 (full 0):
 garbage-first heap   total 240640K, used 182303K [0x0000000080000000, 0x0000000100000000)
  region size 1024K, 48 young (49152K), 7 survivors (7168K)
 Metaspace       used 97201K, committed 98112K, reserved 1179648K
  class space    used 13405K, committed 13824K, reserved 1048576K
}
Event: 6.287 GC heap after
{Heap after GC invocations=45 (full 0):
 garbage-first heap   total 240640K, used 145421K [0x0000000080000000, 0x0000000100000000)
  region size 1024K, 6 young (6144K), 6 survivors (6144K)
 Metaspace       used 97201K, committed 98112K, reserved 1179648K
  class space    used 13405K, committed 13824K, reserved 1048576K
}
Event: 6.325 GC heap before
{Heap before GC invocations=45 (full 0):
 garbage-first heap   total 240640K, used 150541K [0x0000000080000000, 0x0000000100000000)
  region size 1024K, 11 young (11264K), 6 survivors (6144K)
 Metaspace       used 97398K, committed 98304K, reserved 1179648K
  class space    used 13431K, committed 13824K, reserved 1048576K
}
Event: 6.327 GC heap after
{Heap after GC invocations=46 (full 0):
 garbage-first heap   total 240640K, used 144345K [0x0000000080000000, 0x0000000100000000)
  region size 1024K, 2 young (2048K), 2 survivors (2048K)
 Metaspace       used 97398K, committed 98304K, reserved 1179648K
  class space    used 13431K, committed 13824K, reserved 1048576K
}
Event: 6.612 GC heap before
{Heap before GC invocations=46 (full 0):
 garbage-first heap   total 240640K, used 193497K [0x0000000080000000, 0x0000000100000000)
  region size 1024K, 50 young (51200K), 2 survivors (2048K)
 Metaspace       used 102908K, committed 103872K, reserved 1179648K
  class space    used 14628K, committed 15040K, reserved 1048576K
}
Event: 6.615 GC heap after
{Heap after GC invocations=47 (full 0):
 garbage-first heap   total 240640K, used 147650K [0x0000000080000000, 0x0000000100000000)
  region size 1024K, 5 young (5120K), 5 survivors (5120K)
 Metaspace       used 102908K, committed 103872K, reserved 1179648K
  class space    used 14628K, committed 15040K, reserved 1048576K
}
Event: 6.842 GC heap before
{Heap before GC invocations=47 (full 0):
 garbage-first heap   total 240640K, used 196802K [0x0000000080000000, 0x0000000100000000)
  region size 1024K, 53 young (54272K), 5 survivors (5120K)
 Metaspace       used 110005K, committed 110976K, reserved 1179648K
  class space    used 15518K, committed 15936K, reserved 1048576K
}
Event: 6.845 GC heap after
{Heap after GC invocations=48 (full 0):
 garbage-first heap   total 240640K, used 149031K [0x0000000080000000, 0x0000000100000000)
  region size 1024K, 2 young (2048K), 2 survivors (2048K)
 Metaspace       used 110005K, committed 110976K, reserved 1179648K
  class space    used 15518K, committed 15936K, reserved 1048576K
}
Event: 6.900 GC heap before
{Heap before GC invocations=48 (full 0):
 garbage-first heap   total 240640K, used 158247K [0x0000000080000000, 0x0000000100000000)
  region size 1024K, 12 young (12288K), 2 survivors (2048K)
 Metaspace       used 111611K, committed 112704K, reserved 1179648K
  class space    used 15726K, committed 16192K, reserved 1048576K
}
Event: 6.903 GC heap after
{Heap after GC invocations=49 (full 0):
 garbage-first heap   total 240640K, used 148992K [0x0000000080000000, 0x0000000100000000)
  region size 1024K, 2 young (2048K), 2 survivors (2048K)
 Metaspace       used 111611K, committed 112704K, reserved 1179648K
  class space    used 15726K, committed 16192K, reserved 1048576K
}
Event: 7.039 GC heap before
{Heap before GC invocations=50 (full 0):
 garbage-first heap   total 275456K, used 208384K [0x0000000080000000, 0x0000000100000000)
  region size 1024K, 53 young (54272K), 2 survivors (2048K)
 Metaspace       used 111950K, committed 113088K, reserved 1179648K
  class space    used 15734K, committed 16192K, reserved 1048576K
}
Event: 7.045 GC heap after
{Heap after GC invocations=51 (full 0):
 garbage-first heap   total 275456K, used 163456K [0x0000000080000000, 0x0000000100000000)
  region size 1024K, 7 young (7168K), 7 survivors (7168K)
 Metaspace       used 111950K, committed 113088K, reserved 1179648K
  class space    used 15734K, committed 16192K, reserved 1048576K
}
Event: 7.056 GC heap before
{Heap before GC invocations=51 (full 0):
 garbage-first heap   total 275456K, used 169600K [0x0000000080000000, 0x0000000100000000)
  region size 1024K, 13 young (13312K), 7 survivors (7168K)
 Metaspace       used 111950K, committed 113088K, reserved 1179648K
  class space    used 15734K, committed 16192K, reserved 1048576K
}
Event: 7.059 GC heap after
{Heap after GC invocations=52 (full 0):
 garbage-first heap   total 275456K, used 164383K [0x0000000080000000, 0x0000000100000000)
  region size 1024K, 2 young (2048K), 2 survivors (2048K)
 Metaspace       used 111950K, committed 113088K, reserved 1179648K
  class space    used 15734K, committed 16192K, reserved 1048576K
}
Event: 7.218 GC heap before
{Heap before GC invocations=52 (full 0):
 garbage-first heap   total 275456K, used 220703K [0x0000000080000000, 0x0000000100000000)
  region size 1024K, 57 young (58368K), 2 survivors (2048K)
 Metaspace       used 114027K, committed 115136K, reserved 1179648K
  class space    used 16013K, committed 16512K, reserved 1048576K
}

