# JRE version: OpenJDK Runtime Environment (17.0.11) (build 17.0.11+0--11852314)
# Java VM: OpenJDK 64-Bit Server VM (17.0.11+0--11852314, mixed mode, tiered, compressed oops, compressed class ptrs, g1 gc, windows-amd64)
GC Precious Log:
 CPUs: 16 total, 16 available
 Memory: 16060M
 Large Page Support: Disabled
 NUMA Support: Disabled
 Compressed Oops: Enabled (32-bit)
 Heap Region Size: 1M
 Heap Min Capacity: 8M
 Heap Initial Capacity: 252M
 Heap Max Capacity: 2G
 Pre-touch: Disabled
 Parallel Workers: 13
 Concurrent Workers: 3
 Concurrent Refinement Workers: 13
 Periodic GC: Disabled
Heap:
 garbage-first heap   total 293888K, used 175882K [0x0000000080000000, 0x0000000100000000)
  region size 1024K, 10 young (10240K), 10 survivors (10240K)
 Metaspace       used 161430K, committed 162560K, reserved 1245184K
  class space    used 21342K, committed 21888K, reserved 1048576K
GC Heap History (20 events):
Event: 1668.292 GC heap after
{Heap after GC invocations=44 (full 0):
 garbage-first heap   total 293888K, used 141507K [0x0000000080000000, 0x0000000100000000)
  region size 1024K, 2 young (2048K), 2 survivors (2048K)
 Metaspace       used 117433K, committed 118528K, reserved 1179648K
  class space    used 16605K, committed 17088K, reserved 1048576K
}
Event: 1668.554 GC heap before
{Heap before GC invocations=44 (full 0):
 garbage-first heap   total 293888K, used 178371K [0x0000000080000000, 0x0000000100000000)
  region size 1024K, 39 young (39936K), 2 survivors (2048K)
 Metaspace       used 121694K, committed 122752K, reserved 1179648K
  class space    used 17108K, committed 17600K, reserved 1048576K
}
Event: 1668.556 GC heap after
{Heap after GC invocations=45 (full 0):
 garbage-first heap   total 293888K, used 142966K [0x0000000080000000, 0x0000000100000000)
  region size 1024K, 4 young (4096K), 4 survivors (4096K)
 Metaspace       used 121694K, committed 122752K, reserved 1179648K
  class space    used 17108K, committed 17600K, reserved 1048576K
}
Event: 1669.160 GC heap before
{Heap before GC invocations=46 (full 0):
 garbage-first heap   total 293888K, used 235126K [0x0000000080000000, 0x0000000100000000)
  region size 1024K, 87 young (89088K), 4 survivors (4096K)
 Metaspace       used 131527K, committed 132608K, reserved 1179648K
  class space    used 18149K, committed 18624K, reserved 1048576K
}
Event: 1669.163 GC heap after
{Heap after GC invocations=47 (full 0):
 garbage-first heap   total 293888K, used 154320K [0x0000000080000000, 0x0000000100000000)
  region size 1024K, 8 young (8192K), 8 survivors (8192K)
 Metaspace       used 131527K, committed 132608K, reserved 1179648K
  class space    used 18149K, committed 18624K, reserved 1048576K
}
Event: 1669.199 GC heap before
{Heap before GC invocations=47 (full 0):
 garbage-first heap   total 293888K, used 159440K [0x0000000080000000, 0x0000000100000000)
  region size 1024K, 14 young (14336K), 8 survivors (8192K)
 Metaspace       used 131982K, committed 133056K, reserved 1179648K
  class space    used 18198K, committed 18688K, reserved 1048576K
}
Event: 1669.202 GC heap after
{Heap after GC invocations=48 (full 0):
 garbage-first heap   total 293888K, used 153907K [0x0000000080000000, 0x0000000100000000)
  region size 1024K, 2 young (2048K), 2 survivors (2048K)
 Metaspace       used 131982K, committed 133056K, reserved 1179648K
  class space    used 18198K, committed 18688K, reserved 1048576K
}
Event: 1669.411 GC heap before
{Heap before GC invocations=48 (full 0):
 garbage-first heap   total 293888K, used 181555K [0x0000000080000000, 0x0000000100000000)
  region size 1024K, 30 young (30720K), 2 survivors (2048K)
 Metaspace       used 135975K, committed 137024K, reserved 1179648K
  class space    used 18713K, committed 19200K, reserved 1048576K
}
Event: 1669.413 GC heap after
{Heap after GC invocations=49 (full 0):
 garbage-first heap   total 293888K, used 154798K [0x0000000080000000, 0x0000000100000000)
  region size 1024K, 3 young (3072K), 3 survivors (3072K)
 Metaspace       used 135975K, committed 137024K, reserved 1179648K
  class space    used 18713K, committed 19200K, reserved 1048576K
}
Event: 1669.825 GC heap before
{Heap before GC invocations=50 (full 0):
 garbage-first heap   total 293888K, used 238766K [0x0000000080000000, 0x0000000100000000)
  region size 1024K, 84 young (86016K), 3 survivors (3072K)
 Metaspace       used 140191K, committed 141248K, reserved 1179648K
  class space    used 19178K, committed 19648K, reserved 1048576K
}
Event: 1669.828 GC heap after
{Heap after GC invocations=51 (full 0):
 garbage-first heap   total 293888K, used 160304K [0x0000000080000000, 0x0000000100000000)
  region size 1024K, 8 young (8192K), 8 survivors (8192K)
 Metaspace       used 140191K, committed 141248K, reserved 1179648K
  class space    used 19178K, committed 19648K, reserved 1048576K
}
Event: 1669.884 GC heap before
{Heap before GC invocations=51 (full 0):
 garbage-first heap   total 293888K, used 166448K [0x0000000080000000, 0x0000000100000000)
  region size 1024K, 14 young (14336K), 8 survivors (8192K)
 Metaspace       used 141033K, committed 142080K, reserved 1179648K
  class space    used 19250K, committed 19712K, reserved 1048576K
}
Event: 1669.887 GC heap after
{Heap after GC invocations=52 (full 0):
 garbage-first heap   total 293888K, used 159654K [0x0000000080000000, 0x0000000100000000)
  region size 1024K, 2 young (2048K), 2 survivors (2048K)
 Metaspace       used 141033K, committed 142080K, reserved 1179648K
  class space    used 19250K, committed 19712K, reserved 1048576K
}
Event: 1670.465 GC heap before
{Heap before GC invocations=52 (full 0):
 garbage-first heap   total 293888K, used 240550K [0x0000000080000000, 0x0000000100000000)
  region size 1024K, 81 young (82944K), 2 survivors (2048K)
 Metaspace       used 151068K, committed 152128K, reserved 1245184K
  class space    used 20323K, committed 20800K, reserved 1048576K
}
Event: 1670.467 GC heap after
{Heap after GC invocations=53 (full 0):
 garbage-first heap   total 293888K, used 162584K [0x0000000080000000, 0x0000000100000000)
  region size 1024K, 5 young (5120K), 5 survivors (5120K)
 Metaspace       used 151068K, committed 152128K, reserved 1245184K
  class space    used 20323K, committed 20800K, reserved 1048576K
}
Event: 1670.925 GC heap before
{Heap before GC invocations=54 (full 0):
 garbage-first heap   total 293888K, used 243480K [0x0000000080000000, 0x0000000100000000)
  region size 1024K, 83 young (84992K), 5 survivors (5120K)
 Metaspace       used 158829K, committed 159936K, reserved 1245184K
  class space    used 21123K, committed 21632K, reserved 1048576K
}
Event: 1670.929 GC heap after
{Heap after GC invocations=55 (full 0):
 garbage-first heap   total 293888K, used 169657K [0x0000000080000000, 0x0000000100000000)
  region size 1024K, 11 young (11264K), 11 survivors (11264K)
 Metaspace       used 158829K, committed 159936K, reserved 1245184K
  class space    used 21123K, committed 21632K, reserved 1048576K
}
Event: 1670.932 GC heap before
{Heap before GC invocations=55 (full 0):
 garbage-first heap   total 293888K, used 172729K [0x0000000080000000, 0x0000000100000000)
  region size 1024K, 14 young (14336K), 11 survivors (11264K)
 Metaspace       used 158829K, committed 159936K, reserved 1245184K
  class space    used 21123K, committed 21632K, reserved 1048576K
}
Event: 1670.935 GC heap after
{Heap after GC invocations=56 (full 0):
 garbage-first heap   total 293888K, used 166430K [0x0000000080000000, 0x0000000100000000)
  region size 1024K, 1 young (1024K), 1 survivors (1024K)
 Metaspace       used 158829K, committed 159936K, reserved 1245184K
  class space    used 21123K, committed 21632K, reserved 1048576K
}
Event: 1671.400 GC heap before
{Heap before GC invocations=56 (full 0):
 garbage-first heap   total 293888K, used 243230K [0x0000000080000000, 0x0000000100000000)
  region size 1024K, 76 young (77824K), 1 survivors (1024K)
 Metaspace       used 161430K, committed 162560K, reserved 1245184K
  class space    used 21342K, committed 21888K, reserved 1048576K
}

