# JRE version: OpenJDK Runtime Environment (17.0.11) (build 17.0.11+0--11852314)
# Java VM: OpenJDK 64-Bit Server VM (17.0.11+0--11852314, mixed mode, tiered, compressed oops, compressed class ptrs, g1 gc, windows-amd64)
GC Precious Log:
 CPUs: 16 total, 16 available
 Memory: 16060M
 Large Page Support: Disabled
 NUMA Support: Disabled
 Compressed Oops: Enabled (32-bit)
 Heap Region Size: 1M
 Heap Min Capacity: 8M
 Heap Initial Capacity: 252M
 Heap Max Capacity: 2G
 Pre-touch: Disabled
 Parallel Workers: 13
 Concurrent Workers: 3
 Concurrent Refinement Workers: 13
 Periodic GC: Disabled
Heap:
 garbage-first heap   total 207872K, used 121722K [0x0000000080000000, 0x0000000100000000)
  region size 1024K, 4 young (4096K), 4 survivors (4096K)
 Metaspace       used 104057K, committed 104960K, reserved 1179648K
  class space    used 14493K, committed 14912K, reserved 1048576K
GC Heap History (20 events):
Event: 4.650 GC heap after
{Heap after GC invocations=26 (full 0):
 garbage-first heap   total 207872K, used 80228K [0x0000000080000000, 0x0000000100000000)
  region size 1024K, 2 young (2048K), 2 survivors (2048K)
 Metaspace       used 81750K, committed 82432K, reserved 1179648K
  class space    used 11274K, committed 11584K, reserved 1048576K
}
Event: 4.966 GC heap before
{Heap before GC invocations=26 (full 0):
 garbage-first heap   total 207872K, used 135524K [0x0000000080000000, 0x0000000100000000)
  region size 1024K, 57 young (58368K), 2 survivors (2048K)
 Metaspace       used 86627K, committed 87296K, reserved 1179648K
  class space    used 12008K, committed 12352K, reserved 1048576K
}
Event: 4.968 GC heap after
{Heap after GC invocations=27 (full 0):
 garbage-first heap   total 207872K, used 82980K [0x0000000080000000, 0x0000000100000000)
  region size 1024K, 4 young (4096K), 4 survivors (4096K)
 Metaspace       used 86627K, committed 87296K, reserved 1179648K
  class space    used 12008K, committed 12352K, reserved 1048576K
}
Event: 5.397 GC heap before
{Heap before GC invocations=28 (full 0):
 garbage-first heap   total 207872K, used 173092K [0x0000000080000000, 0x0000000100000000)
  region size 1024K, 88 young (90112K), 4 survivors (4096K)
 Metaspace       used 91410K, committed 92096K, reserved 1179648K
  class space    used 12702K, committed 13056K, reserved 1048576K
}
Event: 5.400 GC heap after
{Heap after GC invocations=29 (full 0):
 garbage-first heap   total 207872K, used 94343K [0x0000000080000000, 0x0000000100000000)
  region size 1024K, 11 young (11264K), 11 survivors (11264K)
 Metaspace       used 91410K, committed 92096K, reserved 1179648K
  class space    used 12702K, committed 13056K, reserved 1048576K
}
Event: 5.415 GC heap before
{Heap before GC invocations=29 (full 0):
 garbage-first heap   total 207872K, used 95367K [0x0000000080000000, 0x0000000100000000)
  region size 1024K, 12 young (12288K), 11 survivors (11264K)
 Metaspace       used 91472K, committed 92160K, reserved 1179648K
  class space    used 12708K, committed 13056K, reserved 1048576K
}
Event: 5.417 GC heap after
{Heap after GC invocations=30 (full 0):
 garbage-first heap   total 207872K, used 94877K [0x0000000080000000, 0x0000000100000000)
  region size 1024K, 2 young (2048K), 2 survivors (2048K)
 Metaspace       used 91472K, committed 92160K, reserved 1179648K
  class space    used 12708K, committed 13056K, reserved 1048576K
}
Event: 5.869 GC heap before
{Heap before GC invocations=30 (full 0):
 garbage-first heap   total 207872K, used 170653K [0x0000000080000000, 0x0000000100000000)
  region size 1024K, 76 young (77824K), 2 survivors (2048K)
 Metaspace       used 93041K, committed 93888K, reserved 1179648K
  class space    used 12903K, committed 13312K, reserved 1048576K
}
Event: 5.872 GC heap after
{Heap after GC invocations=31 (full 0):
 garbage-first heap   total 207872K, used 107195K [0x0000000080000000, 0x0000000100000000)
  region size 1024K, 10 young (10240K), 10 survivors (10240K)
 Metaspace       used 93041K, committed 93888K, reserved 1179648K
  class space    used 12903K, committed 13312K, reserved 1048576K
}
Event: 6.195 GC heap before
{Heap before GC invocations=32 (full 0):
 garbage-first heap   total 207872K, used 167611K [0x0000000080000000, 0x0000000100000000)
  region size 1024K, 69 young (70656K), 10 survivors (10240K)
 Metaspace       used 95616K, committed 96448K, reserved 1179648K
  class space    used 13252K, committed 13632K, reserved 1048576K
}
Event: 6.199 GC heap after
{Heap after GC invocations=33 (full 0):
 garbage-first heap   total 207872K, used 114417K [0x0000000080000000, 0x0000000100000000)
  region size 1024K, 9 young (9216K), 9 survivors (9216K)
 Metaspace       used 95616K, committed 96448K, reserved 1179648K
  class space    used 13252K, committed 13632K, reserved 1048576K
}
Event: 6.205 GC heap before
{Heap before GC invocations=33 (full 0):
 garbage-first heap   total 207872K, used 115441K [0x0000000080000000, 0x0000000100000000)
  region size 1024K, 10 young (10240K), 9 survivors (9216K)
 Metaspace       used 95694K, committed 96512K, reserved 1179648K
  class space    used 13264K, committed 13632K, reserved 1048576K
}
Event: 6.208 GC heap after
{Heap after GC invocations=34 (full 0):
 garbage-first heap   total 207872K, used 113578K [0x0000000080000000, 0x0000000100000000)
  region size 1024K, 2 young (2048K), 2 survivors (2048K)
 Metaspace       used 95694K, committed 96512K, reserved 1179648K
  class space    used 13264K, committed 13632K, reserved 1048576K
}
Event: 6.505 GC heap before
{Heap before GC invocations=34 (full 0):
 garbage-first heap   total 207872K, used 166826K [0x0000000080000000, 0x0000000100000000)
  region size 1024K, 54 young (55296K), 2 survivors (2048K)
 Metaspace       used 100701K, committed 101568K, reserved 1179648K
  class space    used 13963K, committed 14336K, reserved 1048576K
}
Event: 6.507 GC heap after
{Heap after GC invocations=35 (full 0):
 garbage-first heap   total 207872K, used 114515K [0x0000000080000000, 0x0000000100000000)
  region size 1024K, 3 young (3072K), 3 survivors (3072K)
 Metaspace       used 100701K, committed 101568K, reserved 1179648K
  class space    used 13963K, committed 14336K, reserved 1048576K
}
Event: 6.834 GC heap before
{Heap before GC invocations=36 (full 0):
 garbage-first heap   total 207872K, used 168787K [0x0000000080000000, 0x0000000100000000)
  region size 1024K, 56 young (57344K), 3 survivors (3072K)
 Metaspace       used 103844K, committed 104704K, reserved 1179648K
  class space    used 14459K, committed 14848K, reserved 1048576K
}
Event: 6.836 GC heap after
{Heap after GC invocations=37 (full 0):
 garbage-first heap   total 207872K, used 119207K [0x0000000080000000, 0x0000000100000000)
  region size 1024K, 7 young (7168K), 7 survivors (7168K)
 Metaspace       used 103844K, committed 104704K, reserved 1179648K
  class space    used 14459K, committed 14848K, reserved 1048576K
}
Event: 6.842 GC heap before
{Heap before GC invocations=37 (full 0):
 garbage-first heap   total 207872K, used 122279K [0x0000000080000000, 0x0000000100000000)
  region size 1024K, 10 young (10240K), 7 survivors (7168K)
 Metaspace       used 103898K, committed 104832K, reserved 1179648K
  class space    used 14474K, committed 14912K, reserved 1048576K
}
Event: 6.844 GC heap after
{Heap after GC invocations=38 (full 0):
 garbage-first heap   total 207872K, used 119549K [0x0000000080000000, 0x0000000100000000)
  region size 1024K, 2 young (2048K), 2 survivors (2048K)
 Metaspace       used 103898K, committed 104832K, reserved 1179648K
  class space    used 14474K, committed 14912K, reserved 1048576K
}
Event: 6.937 GC heap before
{Heap before GC invocations=38 (full 0):
 garbage-first heap   total 207872K, used 169725K [0x0000000080000000, 0x0000000100000000)
  region size 1024K, 52 young (53248K), 2 survivors (2048K)
 Metaspace       used 104057K, committed 104960K, reserved 1179648K
  class space    used 14493K, committed 14912K, reserved 1048576K
}

