# JRE version: OpenJDK Runtime Environment (17.0.11) (build 17.0.11+0--11852314)
# Java VM: OpenJDK 64-Bit Server VM (17.0.11+0--11852314, mixed mode, tiered, compressed oops, compressed class ptrs, g1 gc, windows-amd64)
GC Precious Log:
 CPUs: 16 total, 16 available
 Memory: 16060M
 Large Page Support: Disabled
 NUMA Support: Disabled
 Compressed Oops: Enabled (32-bit)
 Heap Region Size: 1M
 Heap Min Capacity: 8M
 Heap Initial Capacity: 252M
 Heap Max Capacity: 2G
 Pre-touch: Disabled
 Parallel Workers: 13
 Concurrent Workers: 3
 Concurrent Refinement Workers: 13
 Periodic GC: Disabled
Heap:
 garbage-first heap   total 140288K, used 78953K [0x0000000080000000, 0x0000000100000000)
  region size 1024K, 1 young (1024K), 1 survivors (1024K)
 Metaspace       used 67093K, committed 67648K, reserved 1114112K
  class space    used 9409K, committed 9664K, reserved 1048576K
GC Heap History (20 events):
Event: 2.888 GC heap after
{Heap after GC invocations=15 (full 0):
 garbage-first heap   total 116736K, used 52386K [0x0000000080000000, 0x0000000100000000)
  region size 1024K, 6 young (6144K), 6 survivors (6144K)
 Metaspace       used 53911K, committed 54400K, reserved 1114112K
  class space    used 7384K, committed 7616K, reserved 1048576K
}
Event: 3.031 GC heap before
{Heap before GC invocations=15 (full 0):
 garbage-first heap   total 116736K, used 91298K [0x0000000080000000, 0x0000000100000000)
  region size 1024K, 44 young (45056K), 6 survivors (6144K)
 Metaspace       used 54035K, committed 54528K, reserved 1114112K
  class space    used 7384K, committed 7616K, reserved 1048576K
}
Event: 3.034 GC heap after
{Heap after GC invocations=16 (full 0):
 garbage-first heap   total 116736K, used 54595K [0x0000000080000000, 0x0000000100000000)
  region size 1024K, 5 young (5120K), 5 survivors (5120K)
 Metaspace       used 54035K, committed 54528K, reserved 1114112K
  class space    used 7384K, committed 7616K, reserved 1048576K
}
Event: 3.163 GC heap before
{Heap before GC invocations=16 (full 0):
 garbage-first heap   total 116736K, used 93507K [0x0000000080000000, 0x0000000100000000)
  region size 1024K, 43 young (44032K), 5 survivors (5120K)
 Metaspace       used 54060K, committed 54528K, reserved 1114112K
  class space    used 7386K, committed 7616K, reserved 1048576K
}
Event: 3.165 GC heap after
{Heap after GC invocations=17 (full 0):
 garbage-first heap   total 116736K, used 54995K [0x0000000080000000, 0x0000000100000000)
  region size 1024K, 3 young (3072K), 3 survivors (3072K)
 Metaspace       used 54060K, committed 54528K, reserved 1114112K
  class space    used 7386K, committed 7616K, reserved 1048576K
}
Event: 3.280 GC heap before
{Heap before GC invocations=17 (full 0):
 garbage-first heap   total 116736K, used 94931K [0x0000000080000000, 0x0000000100000000)
  region size 1024K, 42 young (43008K), 3 survivors (3072K)
 Metaspace       used 54067K, committed 54528K, reserved 1114112K
  class space    used 7387K, committed 7616K, reserved 1048576K
}
Event: 3.282 GC heap after
{Heap after GC invocations=18 (full 0):
 garbage-first heap   total 116736K, used 56262K [0x0000000080000000, 0x0000000100000000)
  region size 1024K, 4 young (4096K), 4 survivors (4096K)
 Metaspace       used 54067K, committed 54528K, reserved 1114112K
  class space    used 7387K, committed 7616K, reserved 1048576K
}
Event: 3.501 GC heap before
{Heap before GC invocations=19 (full 0):
 garbage-first heap   total 116736K, used 79814K [0x0000000080000000, 0x0000000100000000)
  region size 1024K, 29 young (29696K), 4 survivors (4096K)
 Metaspace       used 56761K, committed 57280K, reserved 1114112K
  class space    used 7710K, committed 7936K, reserved 1048576K
}
Event: 3.503 GC heap after
{Heap after GC invocations=20 (full 0):
 garbage-first heap   total 116736K, used 58833K [0x0000000080000000, 0x0000000100000000)
  region size 1024K, 5 young (5120K), 5 survivors (5120K)
 Metaspace       used 56761K, committed 57280K, reserved 1114112K
  class space    used 7710K, committed 7936K, reserved 1048576K
}
Event: 3.563 GC heap before
{Heap before GC invocations=21 (full 0):
 garbage-first heap   total 116736K, used 101841K [0x0000000080000000, 0x0000000100000000)
  region size 1024K, 40 young (40960K), 5 survivors (5120K)
 Metaspace       used 56866K, committed 57344K, reserved 1114112K
  class space    used 7713K, committed 7936K, reserved 1048576K
}
Event: 3.564 GC heap after
{Heap after GC invocations=22 (full 0):
 garbage-first heap   total 140288K, used 69495K [0x0000000080000000, 0x0000000100000000)
  region size 1024K, 3 young (3072K), 3 survivors (3072K)
 Metaspace       used 56866K, committed 57344K, reserved 1114112K
  class space    used 7713K, committed 7936K, reserved 1048576K
}
Event: 3.567 GC heap before
{Heap before GC invocations=22 (full 0):
 garbage-first heap   total 140288K, used 72567K [0x0000000080000000, 0x0000000100000000)
  region size 1024K, 6 young (6144K), 3 survivors (3072K)
 Metaspace       used 56866K, committed 57344K, reserved 1114112K
  class space    used 7713K, committed 7936K, reserved 1048576K
}
Event: 3.568 GC heap after
{Heap after GC invocations=23 (full 0):
 garbage-first heap   total 140288K, used 69194K [0x0000000080000000, 0x0000000100000000)
  region size 1024K, 1 young (1024K), 1 survivors (1024K)
 Metaspace       used 56866K, committed 57344K, reserved 1114112K
  class space    used 7713K, committed 7936K, reserved 1048576K
}
Event: 3.717 GC heap before
{Heap before GC invocations=23 (full 0):
 garbage-first heap   total 140288K, used 105034K [0x0000000080000000, 0x0000000100000000)
  region size 1024K, 38 young (38912K), 1 survivors (1024K)
 Metaspace       used 57656K, committed 58112K, reserved 1114112K
  class space    used 7794K, committed 8000K, reserved 1048576K
}
Event: 3.718 GC heap after
{Heap after GC invocations=24 (full 0):
 garbage-first heap   total 140288K, used 70885K [0x0000000080000000, 0x0000000100000000)
  region size 1024K, 2 young (2048K), 2 survivors (2048K)
 Metaspace       used 57656K, committed 58112K, reserved 1114112K
  class space    used 7794K, committed 8000K, reserved 1048576K
}
Event: 3.972 GC heap before
{Heap before GC invocations=25 (full 0):
 garbage-first heap   total 140288K, used 117989K [0x0000000080000000, 0x0000000100000000)
  region size 1024K, 42 young (43008K), 2 survivors (2048K)
 Metaspace       used 61186K, committed 61760K, reserved 1114112K
  class space    used 8172K, committed 8448K, reserved 1048576K
}
Event: 3.974 GC heap after
{Heap after GC invocations=26 (full 0):
 garbage-first heap   total 140288K, used 78967K [0x0000000080000000, 0x0000000100000000)
  region size 1024K, 5 young (5120K), 5 survivors (5120K)
 Metaspace       used 61186K, committed 61760K, reserved 1114112K
  class space    used 8172K, committed 8448K, reserved 1048576K
}
Event: 3.981 GC heap before
{Heap before GC invocations=26 (full 0):
 garbage-first heap   total 140288K, used 79991K [0x0000000080000000, 0x0000000100000000)
  region size 1024K, 6 young (6144K), 5 survivors (5120K)
 Metaspace       used 61311K, committed 61888K, reserved 1114112K
  class space    used 8190K, committed 8448K, reserved 1048576K
}
Event: 3.983 GC heap after
{Heap after GC invocations=27 (full 0):
 garbage-first heap   total 140288K, used 78325K [0x0000000080000000, 0x0000000100000000)
  region size 1024K, 1 young (1024K), 1 survivors (1024K)
 Metaspace       used 61311K, committed 61888K, reserved 1114112K
  class space    used 8190K, committed 8448K, reserved 1048576K
}
Event: 4.184 GC heap before
{Heap before GC invocations=27 (full 0):
 garbage-first heap   total 140288K, used 115189K [0x0000000080000000, 0x0000000100000000)
  region size 1024K, 37 young (37888K), 1 survivors (1024K)
 Metaspace       used 67093K, committed 67648K, reserved 1114112K
  class space    used 9409K, committed 9664K, reserved 1048576K
}

