# JRE version: OpenJDK Runtime Environment (17.0.11) (build 17.0.11+0--11852314)
# Java VM: OpenJDK 64-Bit Server VM (17.0.11+0--11852314, mixed mode, tiered, compressed oops, compressed class ptrs, g1 gc, windows-amd64)
GC Precious Log:
 CPUs: 16 total, 16 available
 Memory: 16060M
 Large Page Support: Disabled
 NUMA Support: Disabled
 Compressed Oops: Enabled (32-bit)
 Heap Region Size: 1M
 Heap Min Capacity: 8M
 Heap Initial Capacity: 252M
 Heap Max Capacity: 2G
 Pre-touch: Disabled
 Parallel Workers: 13
 Concurrent Workers: 3
 Concurrent Refinement Workers: 13
 Periodic GC: Disabled
Heap:
 garbage-first heap   total 329728K, used 240277K [0x0000000080000000, 0x0000000100000000)
  region size 1024K, 7 young (7168K), 3 survivors (3072K)
 Metaspace       used 163646K, committed 164864K, reserved 1245184K
  class space    used 21410K, committed 21952K, reserved 1048576K
GC Heap History (20 events):
Event: 7.209 GC heap before
{Heap before GC invocations=43 (full 0):
 garbage-first heap   total 250880K, used 212513K [0x0000000080000000, 0x0000000100000000)
  region size 1024K, 28 young (28672K), 4 survivors (4096K)
 Metaspace       used 120785K, committed 121856K, reserved 1179648K
  class space    used 16661K, committed 17152K, reserved 1048576K
}
Event: 7.211 GC heap after
{Heap after GC invocations=44 (full 0):
 garbage-first heap   total 250880K, used 190953K [0x0000000080000000, 0x0000000100000000)
  region size 1024K, 2 young (2048K), 2 survivors (2048K)
 Metaspace       used 120785K, committed 121856K, reserved 1179648K
  class space    used 16661K, committed 17152K, reserved 1048576K
}
Event: 7.325 GC heap before
{Heap before GC invocations=44 (full 0):
 garbage-first heap   total 250880K, used 213481K [0x0000000080000000, 0x0000000100000000)
  region size 1024K, 25 young (25600K), 2 survivors (2048K)
 Metaspace       used 123456K, committed 124544K, reserved 1179648K
  class space    used 16929K, committed 17408K, reserved 1048576K
}
Event: 7.326 GC heap after
{Heap after GC invocations=45 (full 0):
 garbage-first heap   total 329728K, used 191534K [0x0000000080000000, 0x0000000100000000)
  region size 1024K, 3 young (3072K), 3 survivors (3072K)
 Metaspace       used 123456K, committed 124544K, reserved 1179648K
  class space    used 16929K, committed 17408K, reserved 1048576K
}
Event: 7.795 GC heap before
{Heap before GC invocations=45 (full 0):
 garbage-first heap   total 329728K, used 274478K [0x0000000080000000, 0x0000000100000000)
  region size 1024K, 83 young (84992K), 3 survivors (3072K)
 Metaspace       used 132879K, committed 133952K, reserved 1179648K
  class space    used 18096K, committed 18560K, reserved 1048576K
}
Event: 7.799 GC heap after
{Heap after GC invocations=46 (full 0):
 garbage-first heap   total 329728K, used 196013K [0x0000000080000000, 0x0000000100000000)
  region size 1024K, 7 young (7168K), 7 survivors (7168K)
 Metaspace       used 132879K, committed 133952K, reserved 1179648K
  class space    used 18096K, committed 18560K, reserved 1048576K
}
Event: 8.180 GC heap before
{Heap before GC invocations=46 (full 0):
 garbage-first heap   total 329728K, used 275885K [0x0000000080000000, 0x0000000100000000)
  region size 1024K, 85 young (87040K), 7 survivors (7168K)
 Metaspace       used 137819K, committed 138880K, reserved 1179648K
  class space    used 18633K, committed 19136K, reserved 1048576K
}
Event: 8.183 GC heap after
{Heap after GC invocations=47 (full 0):
 garbage-first heap   total 329728K, used 200288K [0x0000000080000000, 0x0000000100000000)
  region size 1024K, 10 young (10240K), 10 survivors (10240K)
 Metaspace       used 137819K, committed 138880K, reserved 1179648K
  class space    used 18633K, committed 19136K, reserved 1048576K
}
Event: 8.586 GC heap before
{Heap before GC invocations=47 (full 0):
 garbage-first heap   total 329728K, used 277088K [0x0000000080000000, 0x0000000100000000)
  region size 1024K, 85 young (87040K), 10 survivors (10240K)
 Metaspace       used 147791K, committed 148864K, reserved 1179648K
  class space    used 19712K, committed 20224K, reserved 1048576K
}
Event: 8.589 GC heap after
{Heap after GC invocations=48 (full 0):
 garbage-first heap   total 329728K, used 203248K [0x0000000080000000, 0x0000000100000000)
  region size 1024K, 8 young (8192K), 8 survivors (8192K)
 Metaspace       used 147791K, committed 148864K, reserved 1179648K
  class space    used 19712K, committed 20224K, reserved 1048576K
}
Event: 9.020 GC heap before
{Heap before GC invocations=48 (full 0):
 garbage-first heap   total 329728K, used 281072K [0x0000000080000000, 0x0000000100000000)
  region size 1024K, 83 young (84992K), 8 survivors (8192K)
 Metaspace       used 153660K, committed 154752K, reserved 1245184K
  class space    used 20301K, committed 20800K, reserved 1048576K
}
Event: 9.024 GC heap after
{Heap after GC invocations=49 (full 0):
 garbage-first heap   total 329728K, used 210371K [0x0000000080000000, 0x0000000100000000)
  region size 1024K, 10 young (10240K), 10 survivors (10240K)
 Metaspace       used 153660K, committed 154752K, reserved 1245184K
  class space    used 20301K, committed 20800K, reserved 1048576K
}
Event: 9.250 GC heap before
{Heap before GC invocations=49 (full 0):
 garbage-first heap   total 329728K, used 278979K [0x0000000080000000, 0x0000000100000000)
  region size 1024K, 77 young (78848K), 10 survivors (10240K)
 Metaspace       used 153931K, committed 155008K, reserved 1245184K
  class space    used 20309K, committed 20800K, reserved 1048576K
}
Event: 9.254 GC heap after
{Heap after GC invocations=50 (full 0):
 garbage-first heap   total 329728K, used 216731K [0x0000000080000000, 0x0000000100000000)
  region size 1024K, 7 young (7168K), 7 survivors (7168K)
 Metaspace       used 153931K, committed 155008K, reserved 1245184K
  class space    used 20309K, committed 20800K, reserved 1048576K
}
Event: 9.813 GC heap before
{Heap before GC invocations=50 (full 0):
 garbage-first heap   total 329728K, used 278171K [0x0000000080000000, 0x0000000100000000)
  region size 1024K, 67 young (68608K), 7 survivors (7168K)
 Metaspace       used 157835K, committed 158976K, reserved 1245184K
  class space    used 20548K, committed 21056K, reserved 1048576K
}
Event: 9.817 GC heap after
{Heap after GC invocations=51 (full 0):
 garbage-first heap   total 329728K, used 224746K [0x0000000080000000, 0x0000000100000000)
  region size 1024K, 8 young (8192K), 8 survivors (8192K)
 Metaspace       used 157835K, committed 158976K, reserved 1245184K
  class space    used 20548K, committed 21056K, reserved 1048576K
}
Event: 10.232 GC heap before
{Heap before GC invocations=51 (full 0):
 garbage-first heap   total 329728K, used 289258K [0x0000000080000000, 0x0000000100000000)
  region size 1024K, 60 young (61440K), 8 survivors (8192K)
 Metaspace       used 161300K, committed 162496K, reserved 1245184K
  class space    used 21096K, committed 21632K, reserved 1048576K
}
Event: 10.236 GC heap after
{Heap after GC invocations=52 (full 0):
 garbage-first heap   total 329728K, used 237580K [0x0000000080000000, 0x0000000100000000)
  region size 1024K, 8 young (8192K), 8 survivors (8192K)
 Metaspace       used 161300K, committed 162496K, reserved 1245184K
  class space    used 21096K, committed 21632K, reserved 1048576K
}
Event: 10.481 GC heap before
{Heap before GC invocations=52 (full 0):
 garbage-first heap   total 329728K, used 278540K [0x0000000080000000, 0x0000000100000000)
  region size 1024K, 49 young (50176K), 8 survivors (8192K)
 Metaspace       used 163343K, committed 164480K, reserved 1245184K
  class space    used 21377K, committed 21888K, reserved 1048576K
}
Event: 10.484 GC heap after
{Heap after GC invocations=53 (full 0):
 garbage-first heap   total 329728K, used 241301K [0x0000000080000000, 0x0000000100000000)
  region size 1024K, 3 young (3072K), 3 survivors (3072K)
 Metaspace       used 163343K, committed 164480K, reserved 1245184K
  class space    used 21377K, committed 21888K, reserved 1048576K
}

