# JRE version: OpenJDK Runtime Environment (17.0.11) (build 17.0.11+0--11852314)
# Java VM: OpenJDK 64-Bit Server VM (17.0.11+0--11852314, mixed mode, tiered, compressed oops, compressed class ptrs, g1 gc, windows-amd64)
GC Precious Log:
 CPUs: 16 total, 16 available
 Memory: 16060M
 Large Page Support: Disabled
 NUMA Support: Disabled
 Compressed Oops: Enabled (32-bit)
 Heap Region Size: 1M
 Heap Min Capacity: 8M
 Heap Initial Capacity: 252M
 Heap Max Capacity: 2G
 Pre-touch: Disabled
 Parallel Workers: 13
 Concurrent Workers: 3
 Concurrent Refinement Workers: 13
 Periodic GC: Disabled
Heap:
 garbage-first heap   total 258048K, used 114293K [0x0000000080000000, 0x0000000100000000)
  region size 1024K, 5 young (5120K), 5 survivors (5120K)
 Metaspace       used 114266K, committed 114944K, reserved 1179648K
  class space    used 14654K, committed 14976K, reserved 1048576K
GC Heap History (20 events):
Event: 5.396 GC heap after
{Heap after GC invocations=35 (full 0):
 garbage-first heap   total 175104K, used 95212K [0x0000000080000000, 0x0000000100000000)
  region size 1024K, 7 young (7168K), 7 survivors (7168K)
 Metaspace       used 81853K, committed 82432K, reserved 1179648K
  class space    used 11031K, committed 11328K, reserved 1048576K
}
Event: 5.718 GC heap before
{Heap before GC invocations=35 (full 0):
 garbage-first heap   total 175104K, used 138220K [0x0000000080000000, 0x0000000100000000)
  region size 1024K, 49 young (50176K), 7 survivors (7168K)
 Metaspace       used 86707K, committed 87360K, reserved 1179648K
  class space    used 11622K, committed 11904K, reserved 1048576K
}
Event: 5.721 GC heap after
{Heap after GC invocations=36 (full 0):
 garbage-first heap   total 175104K, used 97978K [0x0000000080000000, 0x0000000100000000)
  region size 1024K, 7 young (7168K), 7 survivors (7168K)
 Metaspace       used 86707K, committed 87360K, reserved 1179648K
  class space    used 11622K, committed 11904K, reserved 1048576K
}
Event: 5.989 GC heap before
{Heap before GC invocations=37 (full 0):
 garbage-first heap   total 175104K, used 140986K [0x0000000080000000, 0x0000000100000000)
  region size 1024K, 48 young (49152K), 7 survivors (7168K)
 Metaspace       used 90855K, committed 91456K, reserved 1179648K
  class space    used 12150K, committed 12416K, reserved 1048576K
}
Event: 5.992 GC heap after
{Heap after GC invocations=38 (full 0):
 garbage-first heap   total 175104K, used 102468K [0x0000000080000000, 0x0000000100000000)
  region size 1024K, 6 young (6144K), 6 survivors (6144K)
 Metaspace       used 90855K, committed 91456K, reserved 1179648K
  class space    used 12150K, committed 12416K, reserved 1048576K
}
Event: 6.001 GC heap before
{Heap before GC invocations=38 (full 0):
 garbage-first heap   total 175104K, used 104516K [0x0000000080000000, 0x0000000100000000)
  region size 1024K, 8 young (8192K), 6 survivors (6144K)
 Metaspace       used 90867K, committed 91456K, reserved 1179648K
  class space    used 12150K, committed 12416K, reserved 1048576K
}
Event: 6.003 GC heap after
{Heap after GC invocations=39 (full 0):
 garbage-first heap   total 175104K, used 103210K [0x0000000080000000, 0x0000000100000000)
  region size 1024K, 1 young (1024K), 1 survivors (1024K)
 Metaspace       used 90867K, committed 91456K, reserved 1179648K
  class space    used 12150K, committed 12416K, reserved 1048576K
}
Event: 6.256 GC heap before
{Heap before GC invocations=39 (full 0):
 garbage-first heap   total 175104K, used 142122K [0x0000000080000000, 0x0000000100000000)
  region size 1024K, 39 young (39936K), 1 survivors (1024K)
 Metaspace       used 93261K, committed 93824K, reserved 1179648K
  class space    used 12412K, committed 12672K, reserved 1048576K
}
Event: 6.258 GC heap after
{Heap after GC invocations=40 (full 0):
 garbage-first heap   total 175104K, used 105701K [0x0000000080000000, 0x0000000100000000)
  region size 1024K, 4 young (4096K), 4 survivors (4096K)
 Metaspace       used 93261K, committed 93824K, reserved 1179648K
  class space    used 12412K, committed 12672K, reserved 1048576K
}
Event: 6.575 GC heap before
{Heap before GC invocations=41 (full 0):
 garbage-first heap   total 188416K, used 143589K [0x0000000080000000, 0x0000000100000000)
  region size 1024K, 41 young (41984K), 4 survivors (4096K)
 Metaspace       used 96137K, committed 96768K, reserved 1179648K
  class space    used 12711K, committed 12992K, reserved 1048576K
}
Event: 6.577 GC heap after
{Heap after GC invocations=42 (full 0):
 garbage-first heap   total 188416K, used 108103K [0x0000000080000000, 0x0000000100000000)
  region size 1024K, 6 young (6144K), 6 survivors (6144K)
 Metaspace       used 96137K, committed 96768K, reserved 1179648K
  class space    used 12711K, committed 12992K, reserved 1048576K
}
Event: 6.603 GC heap before
{Heap before GC invocations=42 (full 0):
 garbage-first heap   total 188416K, used 111175K [0x0000000080000000, 0x0000000100000000)
  region size 1024K, 9 young (9216K), 6 survivors (6144K)
 Metaspace       used 96497K, committed 97152K, reserved 1179648K
  class space    used 12769K, committed 13056K, reserved 1048576K
}
Event: 6.605 GC heap after
{Heap after GC invocations=43 (full 0):
 garbage-first heap   total 188416K, used 108494K [0x0000000080000000, 0x0000000100000000)
  region size 1024K, 1 young (1024K), 1 survivors (1024K)
 Metaspace       used 96497K, committed 97152K, reserved 1179648K
  class space    used 12769K, committed 13056K, reserved 1048576K
}
Event: 7.015 GC heap before
{Heap before GC invocations=43 (full 0):
 garbage-first heap   total 188416K, used 154574K [0x0000000080000000, 0x0000000100000000)
  region size 1024K, 46 young (47104K), 1 survivors (1024K)
 Metaspace       used 101774K, committed 102400K, reserved 1179648K
  class space    used 13324K, committed 13568K, reserved 1048576K
}
Event: 7.017 GC heap after
{Heap after GC invocations=44 (full 0):
 garbage-first heap   total 188416K, used 110719K [0x0000000080000000, 0x0000000100000000)
  region size 1024K, 4 young (4096K), 4 survivors (4096K)
 Metaspace       used 101774K, committed 102400K, reserved 1179648K
  class space    used 13324K, committed 13568K, reserved 1048576K
}
Event: 7.369 GC heap before
{Heap before GC invocations=45 (full 0):
 garbage-first heap   total 193536K, used 154751K [0x0000000080000000, 0x0000000100000000)
  region size 1024K, 47 young (48128K), 4 survivors (4096K)
 Metaspace       used 108017K, committed 108672K, reserved 1179648K
  class space    used 14000K, committed 14272K, reserved 1048576K
}
Event: 7.371 GC heap after
{Heap after GC invocations=46 (full 0):
 garbage-first heap   total 193536K, used 111787K [0x0000000080000000, 0x0000000100000000)
  region size 1024K, 5 young (5120K), 5 survivors (5120K)
 Metaspace       used 108017K, committed 108672K, reserved 1179648K
  class space    used 14000K, committed 14272K, reserved 1048576K
}
Event: 7.403 GC heap before
{Heap before GC invocations=46 (full 0):
 garbage-first heap   total 193536K, used 114859K [0x0000000080000000, 0x0000000100000000)
  region size 1024K, 9 young (9216K), 5 survivors (5120K)
 Metaspace       used 108737K, committed 109376K, reserved 1179648K
  class space    used 14078K, committed 14336K, reserved 1048576K
}
Event: 7.405 GC heap after
{Heap after GC invocations=47 (full 0):
 garbage-first heap   total 193536K, used 110933K [0x0000000080000000, 0x0000000100000000)
  region size 1024K, 2 young (2048K), 2 survivors (2048K)
 Metaspace       used 108737K, committed 109376K, reserved 1179648K
  class space    used 14078K, committed 14336K, reserved 1048576K
}
Event: 7.833 GC heap before
{Heap before GC invocations=47 (full 0):
 garbage-first heap   total 193536K, used 161109K [0x0000000080000000, 0x0000000100000000)
  region size 1024K, 51 young (52224K), 2 survivors (2048K)
 Metaspace       used 114266K, committed 114944K, reserved 1179648K
  class space    used 14654K, committed 14976K, reserved 1048576K
}

